---------------------------------------------------------------
[ 2019-11-07T18:13:06+08:00 ] 127.0.0.1 GET /
[ info ] www.work.com/ [运行时间：4.497736s][吞吐率：0.22req/s] [内存消耗：2,847.59kb] [文件加载：50]
[ info ] [ LANG ] D:\phpstudy_pro\WWW\work\thinkphp\lang\zh-cn.php
[ info ] [ ROUTE ] array (
  'type' => 'module',
  'module' => 
  array (
    0 => '',
    1 => NULL,
    2 => NULL,
  ),
)
[ info ] [ HEADER ] array (
  'cookie' => 'pgv_pvi=3069371392',
  'accept-language' => 'zh-CN,zh;q=0.9',
  'accept-encoding' => 'gzip, deflate',
  'accept' => 'text/html,application/xhtml+xml,application/xml;q=0.9,image/webp,image/apng,*/*;q=0.8',
  'user-agent' => 'Mozilla/5.0 (Windows NT 10.0; WOW64) AppleWebKit/537.36 (KHTML, like Gecko) Chrome/70.0.3538.25 Safari/537.36 Core/1.70.3732.400 QQBrowser/10.5.3819.400',
  'upgrade-insecure-requests' => '1',
  'connection' => 'close',
  'host' => 'www.work.com',
)
[ info ] [ PARAM ] array (
)
[ info ] [ RUN ] app\index\controller\Index->index[ D:\phpstudy_pro\WWW\work\application\index\controller\Index.php ]
[ info ] [ DB ] INIT mysql
[ info ] [ VIEW ] D:\phpstudy_pro\WWW\work\public/../application/index\view\index\index.html [ array (
  0 => 'data',
  1 => 'cate',
  2 => 'column',
  3 => 'info',
  4 => 'slider',
) ]
[ info ] [ SESSION ] INIT array (
  'id' => '',
  'var_session_id' => '',
  'prefix' => 'think',
  'type' => '',
  'auto_start' => true,
)
[ info ] [ LOG ] INIT File
[ sql ] [ DB ] CONNECT:[ UseTime:1.521010s ] mysql:host=127.0.0.1;port=3306;dbname=shop;charset=utf8
[ sql ] [ SQL ] SHOW COLUMNS FROM `column` [ RunTime:2.284037s ]
[ sql ] [ SQL ] SELECT * FROM `column` ORDER BY `sort` [ RunTime:0.119634s ]
[ sql ] [ SQL ] SHOW COLUMNS FROM `info` [ RunTime:0.085290s ]
[ sql ] [ SQL ] SELECT * FROM `info` WHERE  `id` = 1 LIMIT 1 [ RunTime:0.063504s ]
[ sql ] [ SQL ] SHOW COLUMNS FROM `slider` [ RunTime:0.082365s ]
[ sql ] [ SQL ] SELECT * FROM `slider` ORDER BY `sort` [ RunTime:0.005087s ]
[ sql ] [ SQL ] SHOW COLUMNS FROM `cate` [ RunTime:0.019765s ]
[ sql ] [ SQL ] SELECT * FROM `cate` [ RunTime:0.006549s ]
[ sql ] [ SQL ] SELECT * FROM `cate` WHERE  `pid` = 0 [ RunTime:0.028814s ]
[ sql ] [ SQL ] SHOW COLUMNS FROM `ads` [ RunTime:0.062656s ]
[ sql ] [ SQL ] SELECT * FROM `ads` WHERE  `c_id` = 3 [ RunTime:0.002989s ]
[ sql ] [ SQL ] SHOW COLUMNS FROM `goods` [ RunTime:0.048784s ]
[ sql ] [ SQL ] SELECT * FROM `goods` WHERE  `cate_id` = 3 [ RunTime:0.015548s ]
[ sql ] [ SQL ] SELECT * FROM `ads` WHERE  `c_id` = 4 [ RunTime:0.005815s ]
[ sql ] [ SQL ] SELECT * FROM `goods` WHERE  `cate_id` = 4 [ RunTime:0.004899s ]
[ sql ] [ SQL ] SELECT * FROM `ads` WHERE  `c_id` = 5 [ RunTime:0.005228s ]
[ sql ] [ SQL ] SELECT * FROM `goods` WHERE  `cate_id` = 5 [ RunTime:0.004460s ]
[ sql ] [ SQL ] SELECT * FROM `ads` WHERE  `c_id` = 6 [ RunTime:0.005210s ]
[ sql ] [ SQL ] SELECT * FROM `goods` WHERE  `cate_id` = 6 [ RunTime:0.005889s ]
[ sql ] [ SQL ] SELECT * FROM `ads` WHERE  `c_id` = 7 [ RunTime:0.002583s ]
[ sql ] [ SQL ] SELECT * FROM `goods` WHERE  `cate_id` = 7 [ RunTime:0.002993s ]
[ sql ] [ SQL ] SELECT * FROM `ads` WHERE  `c_id` = 8 [ RunTime:0.001651s ]
[ sql ] [ SQL ] SELECT * FROM `goods` WHERE  `cate_id` = 8 [ RunTime:0.001673s ]
[ sql ] [ SQL ] SELECT * FROM `ads` WHERE  `c_id` = 9 [ RunTime:0.001572s ]
[ sql ] [ SQL ] SELECT * FROM `goods` WHERE  `cate_id` = 9 [ RunTime:0.002065s ]
[ sql ] [ SQL ] SELECT * FROM `ads` WHERE  `c_id` = 10 [ RunTime:0.001382s ]
[ sql ] [ SQL ] SELECT * FROM `goods` WHERE  `cate_id` = 10 [ RunTime:0.001132s ]
[ sql ] [ SQL ] SELECT * FROM `ads` WHERE  `c_id` = 11 [ RunTime:0.001120s ]
[ sql ] [ SQL ] SELECT * FROM `goods` WHERE  `cate_id` = 11 [ RunTime:0.001342s ]
---------------------------------------------------------------
[ 2019-11-07T18:13:29+08:00 ] 127.0.0.1 GET /
[ info ] www.work.com/ [运行时间：0.189581s][吞吐率：5.27req/s] [内存消耗：2,848.21kb] [文件加载：50]
[ info ] [ LANG ] D:\phpstudy_pro\WWW\work\thinkphp\lang\zh-cn.php
[ info ] [ ROUTE ] array (
  'type' => 'module',
  'module' => 
  array (
    0 => '',
    1 => NULL,
    2 => NULL,
  ),
)
[ info ] [ HEADER ] array (
  'cookie' => 'pgv_pvi=3069371392; PHPSESSID=9p7a2ms05ihg8010ukl174h812',
  'accept-language' => 'zh-CN,zh;q=0.9',
  'accept-encoding' => 'gzip, deflate',
  'accept' => 'text/html,application/xhtml+xml,application/xml;q=0.9,image/webp,image/apng,*/*;q=0.8',
  'user-agent' => 'Mozilla/5.0 (Windows NT 10.0; WOW64) AppleWebKit/537.36 (KHTML, like Gecko) Chrome/70.0.3538.25 Safari/537.36 Core/1.70.3732.400 QQBrowser/10.5.3819.400',
  'upgrade-insecure-requests' => '1',
  'cache-control' => 'max-age=0',
  'connection' => 'close',
  'host' => 'www.work.com',
)
[ info ] [ PARAM ] array (
)
[ info ] [ RUN ] app\index\controller\Index->index[ D:\phpstudy_pro\WWW\work\application\index\controller\Index.php ]
[ info ] [ DB ] INIT mysql
[ info ] [ VIEW ] D:\phpstudy_pro\WWW\work\public/../application/index\view\index\index.html [ array (
  0 => 'data',
  1 => 'cate',
  2 => 'column',
  3 => 'info',
  4 => 'slider',
) ]
[ info ] [ SESSION ] INIT array (
  'id' => '',
  'var_session_id' => '',
  'prefix' => 'think',
  'type' => '',
  'auto_start' => true,
)
[ info ] [ LOG ] INIT File
[ sql ] [ DB ] CONNECT:[ UseTime:0.025323s ] mysql:host=127.0.0.1;port=3306;dbname=shop;charset=utf8
[ sql ] [ SQL ] SHOW COLUMNS FROM `column` [ RunTime:0.002363s ]
[ sql ] [ SQL ] SELECT * FROM `column` ORDER BY `sort` [ RunTime:0.001733s ]
[ sql ] [ SQL ] SHOW COLUMNS FROM `info` [ RunTime:0.002570s ]
[ sql ] [ SQL ] SELECT * FROM `info` WHERE  `id` = 1 LIMIT 1 [ RunTime:0.001946s ]
[ sql ] [ SQL ] SHOW COLUMNS FROM `slider` [ RunTime:0.002444s ]
[ sql ] [ SQL ] SELECT * FROM `slider` ORDER BY `sort` [ RunTime:0.001412s ]
[ sql ] [ SQL ] SHOW COLUMNS FROM `cate` [ RunTime:0.002150s ]
[ sql ] [ SQL ] SELECT * FROM `cate` [ RunTime:0.001312s ]
[ sql ] [ SQL ] SELECT * FROM `cate` WHERE  `pid` = 0 [ RunTime:0.001485s ]
[ sql ] [ SQL ] SHOW COLUMNS FROM `ads` [ RunTime:0.002480s ]
[ sql ] [ SQL ] SELECT * FROM `ads` WHERE  `c_id` = 3 [ RunTime:0.001480s ]
[ sql ] [ SQL ] SHOW COLUMNS FROM `goods` [ RunTime:0.002150s ]
[ sql ] [ SQL ] SELECT * FROM `goods` WHERE  `cate_id` = 3 [ RunTime:0.001407s ]
[ sql ] [ SQL ] SELECT * FROM `ads` WHERE  `c_id` = 4 [ RunTime:0.001201s ]
[ sql ] [ SQL ] SELECT * FROM `goods` WHERE  `cate_id` = 4 [ RunTime:0.001227s ]
[ sql ] [ SQL ] SELECT * FROM `ads` WHERE  `c_id` = 5 [ RunTime:0.001739s ]
[ sql ] [ SQL ] SELECT * FROM `goods` WHERE  `cate_id` = 5 [ RunTime:0.002262s ]
[ sql ] [ SQL ] SELECT * FROM `ads` WHERE  `c_id` = 6 [ RunTime:0.001098s ]
[ sql ] [ SQL ] SELECT * FROM `goods` WHERE  `cate_id` = 6 [ RunTime:0.001342s ]
[ sql ] [ SQL ] SELECT * FROM `ads` WHERE  `c_id` = 7 [ RunTime:0.001924s ]
[ sql ] [ SQL ] SELECT * FROM `goods` WHERE  `cate_id` = 7 [ RunTime:0.001858s ]
[ sql ] [ SQL ] SELECT * FROM `ads` WHERE  `c_id` = 8 [ RunTime:0.001676s ]
[ sql ] [ SQL ] SELECT * FROM `goods` WHERE  `cate_id` = 8 [ RunTime:0.001431s ]
[ sql ] [ SQL ] SELECT * FROM `ads` WHERE  `c_id` = 9 [ RunTime:0.001263s ]
[ sql ] [ SQL ] SELECT * FROM `goods` WHERE  `cate_id` = 9 [ RunTime:0.001352s ]
[ sql ] [ SQL ] SELECT * FROM `ads` WHERE  `c_id` = 10 [ RunTime:0.001359s ]
[ sql ] [ SQL ] SELECT * FROM `goods` WHERE  `cate_id` = 10 [ RunTime:0.001551s ]
[ sql ] [ SQL ] SELECT * FROM `ads` WHERE  `c_id` = 11 [ RunTime:0.001470s ]
[ sql ] [ SQL ] SELECT * FROM `goods` WHERE  `cate_id` = 11 [ RunTime:0.001684s ]
---------------------------------------------------------------
[ 2019-11-07T18:13:39+08:00 ] 127.0.0.1 GET /
[ info ] www.work.com/ [运行时间：0.220029s][吞吐率：4.54req/s] [内存消耗：2,760.56kb] [文件加载：48]
[ info ] [ LANG ] D:\phpstudy_pro\WWW\work\thinkphp\lang\zh-cn.php
[ info ] [ ROUTE ] array (
  'type' => 'module',
  'module' => 
  array (
    0 => '',
    1 => NULL,
    2 => NULL,
  ),
)
[ info ] [ HEADER ] array (
  'cookie' => 'pgv_pvi=3069371392; PHPSESSID=9p7a2ms05ihg8010ukl174h812',
  'accept-language' => 'zh-CN,zh;q=0.9',
  'accept-encoding' => 'gzip, deflate',
  'accept' => 'text/html,application/xhtml+xml,application/xml;q=0.9,image/webp,image/apng,*/*;q=0.8',
  'user-agent' => 'Mozilla/5.0 (Windows NT 10.0; WOW64) AppleWebKit/537.36 (KHTML, like Gecko) Chrome/70.0.3538.25 Safari/537.36 Core/1.70.3732.400 QQBrowser/10.5.3819.400',
  'upgrade-insecure-requests' => '1',
  'cache-control' => 'max-age=0',
  'connection' => 'close',
  'host' => 'www.work.com',
)
[ info ] [ PARAM ] array (
)
[ info ] [ RUN ] app\index\controller\Index->index[ D:\phpstudy_pro\WWW\work\application\index\controller\Index.php ]
[ info ] [ DB ] INIT mysql
[ info ] [ LOG ] INIT File
[ sql ] [ DB ] CONNECT:[ UseTime:0.002983s ] mysql:host=127.0.0.1;port=3306;dbname=shop;charset=utf8
[ sql ] [ SQL ] SHOW COLUMNS FROM `column` [ RunTime:0.002668s ]
[ sql ] [ SQL ] SELECT * FROM `column` ORDER BY `sort` [ RunTime:0.001702s ]
[ sql ] [ SQL ] SHOW COLUMNS FROM `info` [ RunTime:0.002807s ]
[ sql ] [ SQL ] SELECT * FROM `info` WHERE  `id` = 1 LIMIT 1 [ RunTime:0.001881s ]
[ sql ] [ SQL ] SHOW COLUMNS FROM `slider` [ RunTime:0.002900s ]
[ sql ] [ SQL ] SELECT * FROM `slider` ORDER BY `sort` [ RunTime:0.002578s ]
[ sql ] [ SQL ] SHOW COLUMNS FROM `cate` [ RunTime:0.002778s ]
[ sql ] [ SQL ] SELECT * FROM `cate` [ RunTime:0.001542s ]
[ sql ] [ SQL ] SELECT * FROM `cate` WHERE  `pid` = 0 [ RunTime:0.001625s ]
[ sql ] [ SQL ] SHOW COLUMNS FROM `ads` [ RunTime:0.002238s ]
[ sql ] [ SQL ] SELECT * FROM `ads` WHERE  `c_id` = 3 [ RunTime:0.001712s ]
[ sql ] [ SQL ] SHOW COLUMNS FROM `goods` [ RunTime:0.003303s ]
[ sql ] [ SQL ] SELECT * FROM `goods` WHERE  `cate_id` = 3 [ RunTime:0.001406s ]
[ sql ] [ SQL ] SELECT * FROM `ads` WHERE  `c_id` = 4 [ RunTime:0.001332s ]
[ sql ] [ SQL ] SELECT * FROM `goods` WHERE  `cate_id` = 4 [ RunTime:0.001254s ]
[ sql ] [ SQL ] SELECT * FROM `ads` WHERE  `c_id` = 5 [ RunTime:0.001163s ]
[ sql ] [ SQL ] SELECT * FROM `goods` WHERE  `cate_id` = 5 [ RunTime:0.001896s ]
[ sql ] [ SQL ] SELECT * FROM `ads` WHERE  `c_id` = 6 [ RunTime:0.001734s ]
[ sql ] [ SQL ] SELECT * FROM `goods` WHERE  `cate_id` = 6 [ RunTime:0.001419s ]
[ sql ] [ SQL ] SELECT * FROM `ads` WHERE  `c_id` = 7 [ RunTime:0.001493s ]
[ sql ] [ SQL ] SELECT * FROM `goods` WHERE  `cate_id` = 7 [ RunTime:0.002021s ]
[ sql ] [ SQL ] SELECT * FROM `ads` WHERE  `c_id` = 8 [ RunTime:0.001449s ]
[ sql ] [ SQL ] SELECT * FROM `goods` WHERE  `cate_id` = 8 [ RunTime:0.001695s ]
[ sql ] [ SQL ] SELECT * FROM `ads` WHERE  `c_id` = 9 [ RunTime:0.001525s ]
[ sql ] [ SQL ] SELECT * FROM `goods` WHERE  `cate_id` = 9 [ RunTime:0.001241s ]
[ sql ] [ SQL ] SELECT * FROM `ads` WHERE  `c_id` = 10 [ RunTime:0.001149s ]
[ sql ] [ SQL ] SELECT * FROM `goods` WHERE  `cate_id` = 10 [ RunTime:0.001253s ]
[ sql ] [ SQL ] SELECT * FROM `ads` WHERE  `c_id` = 11 [ RunTime:0.001223s ]
[ sql ] [ SQL ] SELECT * FROM `goods` WHERE  `cate_id` = 11 [ RunTime:0.001498s ]
---------------------------------------------------------------
[ 2019-11-07T18:13:54+08:00 ] 127.0.0.1 GET /
[ info ] www.work.com/ [运行时间：0.184271s][吞吐率：5.43req/s] [内存消耗：2,801.62kb] [文件加载：50]
[ info ] [ LANG ] D:\phpstudy_pro\WWW\work\thinkphp\lang\zh-cn.php
[ info ] [ ROUTE ] array (
  'type' => 'module',
  'module' => 
  array (
    0 => '',
    1 => NULL,
    2 => NULL,
  ),
)
[ info ] [ HEADER ] array (
  'cookie' => 'pgv_pvi=3069371392; PHPSESSID=9p7a2ms05ihg8010ukl174h812',
  'accept-language' => 'zh-CN,zh;q=0.9',
  'accept-encoding' => 'gzip, deflate',
  'accept' => 'text/html,application/xhtml+xml,application/xml;q=0.9,image/webp,image/apng,*/*;q=0.8',
  'user-agent' => 'Mozilla/5.0 (Windows NT 10.0; WOW64) AppleWebKit/537.36 (KHTML, like Gecko) Chrome/70.0.3538.25 Safari/537.36 Core/1.70.3732.400 QQBrowser/10.5.3819.400',
  'upgrade-insecure-requests' => '1',
  'cache-control' => 'max-age=0',
  'connection' => 'close',
  'host' => 'www.work.com',
)
[ info ] [ PARAM ] array (
)
[ info ] [ RUN ] app\index\controller\Index->index[ D:\phpstudy_pro\WWW\work\application\index\controller\Index.php ]
[ info ] [ DB ] INIT mysql
[ info ] [ LOG ] INIT File
[ sql ] [ DB ] CONNECT:[ UseTime:0.002165s ] mysql:host=127.0.0.1;port=3306;dbname=shop;charset=utf8
[ sql ] [ SQL ] SHOW COLUMNS FROM `column` [ RunTime:0.002455s ]
[ sql ] [ SQL ] SELECT * FROM `column` ORDER BY `sort` [ RunTime:0.001183s ]
[ sql ] [ SQL ] SHOW COLUMNS FROM `info` [ RunTime:0.002079s ]
[ sql ] [ SQL ] SELECT * FROM `info` WHERE  `id` = 1 LIMIT 1 [ RunTime:0.001184s ]
[ sql ] [ SQL ] SHOW COLUMNS FROM `slider` [ RunTime:0.002488s ]
[ sql ] [ SQL ] SELECT * FROM `slider` ORDER BY `sort` [ RunTime:0.002212s ]
[ sql ] [ SQL ] SHOW COLUMNS FROM `cate` [ RunTime:0.002274s ]
[ sql ] [ SQL ] SELECT * FROM `cate` [ RunTime:0.001384s ]
[ sql ] [ SQL ] SELECT * FROM `cate` WHERE  `pid` = 0 [ RunTime:0.001468s ]
[ sql ] [ SQL ] SHOW COLUMNS FROM `ads` [ RunTime:0.002035s ]
[ sql ] [ SQL ] SELECT * FROM `ads` WHERE  `c_id` = 3 [ RunTime:0.001276s ]
[ sql ] [ SQL ] SHOW COLUMNS FROM `goods` [ RunTime:0.002477s ]
[ sql ] [ SQL ] SELECT * FROM `goods` WHERE  `cate_id` = 3 [ RunTime:0.001217s ]
[ sql ] [ SQL ] SELECT * FROM `ads` WHERE  `c_id` = 4 [ RunTime:0.001082s ]
[ sql ] [ SQL ] SELECT * FROM `goods` WHERE  `cate_id` = 4 [ RunTime:0.001079s ]
[ sql ] [ SQL ] SELECT * FROM `ads` WHERE  `c_id` = 5 [ RunTime:0.001197s ]
[ sql ] [ SQL ] SELECT * FROM `goods` WHERE  `cate_id` = 5 [ RunTime:0.001146s ]
[ sql ] [ SQL ] SELECT * FROM `ads` WHERE  `c_id` = 6 [ RunTime:0.001142s ]
[ sql ] [ SQL ] SELECT * FROM `goods` WHERE  `cate_id` = 6 [ RunTime:0.001367s ]
[ sql ] [ SQL ] SELECT * FROM `ads` WHERE  `c_id` = 7 [ RunTime:0.001109s ]
[ sql ] [ SQL ] SELECT * FROM `goods` WHERE  `cate_id` = 7 [ RunTime:0.001078s ]
[ sql ] [ SQL ] SELECT * FROM `ads` WHERE  `c_id` = 8 [ RunTime:0.001404s ]
[ sql ] [ SQL ] SELECT * FROM `goods` WHERE  `cate_id` = 8 [ RunTime:0.001488s ]
[ sql ] [ SQL ] SELECT * FROM `ads` WHERE  `c_id` = 9 [ RunTime:0.001832s ]
[ sql ] [ SQL ] SELECT * FROM `goods` WHERE  `cate_id` = 9 [ RunTime:0.001469s ]
[ sql ] [ SQL ] SELECT * FROM `ads` WHERE  `c_id` = 10 [ RunTime:0.001272s ]
[ sql ] [ SQL ] SELECT * FROM `goods` WHERE  `cate_id` = 10 [ RunTime:0.001159s ]
[ sql ] [ SQL ] SELECT * FROM `ads` WHERE  `c_id` = 11 [ RunTime:0.001142s ]
[ sql ] [ SQL ] SELECT * FROM `goods` WHERE  `cate_id` = 11 [ RunTime:0.001050s ]
[ error ] [0]致命错误: Call to undefined function app\index\controller\shalt()[D:\phpstudy_pro\WWW\work\application\index\controller\Index.php:65]
---------------------------------------------------------------
[ 2019-11-07T18:14:04+08:00 ] 127.0.0.1 GET /
[ info ] www.work.com/ [运行时间：0.089798s][吞吐率：11.14req/s] [内存消耗：2,760.75kb] [文件加载：48]
[ info ] [ LANG ] D:\phpstudy_pro\WWW\work\thinkphp\lang\zh-cn.php
[ info ] [ ROUTE ] array (
  'type' => 'module',
  'module' => 
  array (
    0 => '',
    1 => NULL,
    2 => NULL,
  ),
)
[ info ] [ HEADER ] array (
  'cookie' => 'pgv_pvi=3069371392; PHPSESSID=9p7a2ms05ihg8010ukl174h812',
  'accept-language' => 'zh-CN,zh;q=0.9',
  'accept-encoding' => 'gzip, deflate',
  'accept' => 'text/html,application/xhtml+xml,application/xml;q=0.9,image/webp,image/apng,*/*;q=0.8',
  'user-agent' => 'Mozilla/5.0 (Windows NT 10.0; WOW64) AppleWebKit/537.36 (KHTML, like Gecko) Chrome/70.0.3538.25 Safari/537.36 Core/1.70.3732.400 QQBrowser/10.5.3819.400',
  'upgrade-insecure-requests' => '1',
  'cache-control' => 'no-cache',
  'pragma' => 'no-cache',
  'connection' => 'close',
  'host' => 'www.work.com',
)
[ info ] [ PARAM ] array (
)
[ info ] [ RUN ] app\index\controller\Index->index[ D:\phpstudy_pro\WWW\work\application\index\controller\Index.php ]
[ info ] [ DB ] INIT mysql
[ info ] [ LOG ] INIT File
[ sql ] [ DB ] CONNECT:[ UseTime:0.002148s ] mysql:host=127.0.0.1;port=3306;dbname=shop;charset=utf8
[ sql ] [ SQL ] SHOW COLUMNS FROM `column` [ RunTime:0.001849s ]
[ sql ] [ SQL ] SELECT * FROM `column` ORDER BY `sort` [ RunTime:0.000912s ]
[ sql ] [ SQL ] SHOW COLUMNS FROM `info` [ RunTime:0.001762s ]
[ sql ] [ SQL ] SELECT * FROM `info` WHERE  `id` = 1 LIMIT 1 [ RunTime:0.001255s ]
[ sql ] [ SQL ] SHOW COLUMNS FROM `slider` [ RunTime:0.003026s ]
[ sql ] [ SQL ] SELECT * FROM `slider` ORDER BY `sort` [ RunTime:0.000936s ]
[ sql ] [ SQL ] SHOW COLUMNS FROM `cate` [ RunTime:0.001863s ]
[ sql ] [ SQL ] SELECT * FROM `cate` [ RunTime:0.001152s ]
[ sql ] [ SQL ] SELECT * FROM `cate` WHERE  `pid` = 0 [ RunTime:0.001236s ]
[ sql ] [ SQL ] SHOW COLUMNS FROM `ads` [ RunTime:0.002214s ]
[ sql ] [ SQL ] SELECT * FROM `ads` WHERE  `c_id` = 3 [ RunTime:0.001181s ]
[ sql ] [ SQL ] SHOW COLUMNS FROM `goods` [ RunTime:0.001920s ]
[ sql ] [ SQL ] SELECT * FROM `goods` WHERE  `cate_id` = 3 [ RunTime:0.001498s ]
[ sql ] [ SQL ] SELECT * FROM `ads` WHERE  `c_id` = 4 [ RunTime:0.000954s ]
[ sql ] [ SQL ] SELECT * FROM `goods` WHERE  `cate_id` = 4 [ RunTime:0.001019s ]
[ sql ] [ SQL ] SELECT * FROM `ads` WHERE  `c_id` = 5 [ RunTime:0.001111s ]
[ sql ] [ SQL ] SELECT * FROM `goods` WHERE  `cate_id` = 5 [ RunTime:0.001361s ]
[ sql ] [ SQL ] SELECT * FROM `ads` WHERE  `c_id` = 6 [ RunTime:0.001221s ]
[ sql ] [ SQL ] SELECT * FROM `goods` WHERE  `cate_id` = 6 [ RunTime:0.001241s ]
[ sql ] [ SQL ] SELECT * FROM `ads` WHERE  `c_id` = 7 [ RunTime:0.000870s ]
[ sql ] [ SQL ] SELECT * FROM `goods` WHERE  `cate_id` = 7 [ RunTime:0.001177s ]
[ sql ] [ SQL ] SELECT * FROM `ads` WHERE  `c_id` = 8 [ RunTime:0.001090s ]
[ sql ] [ SQL ] SELECT * FROM `goods` WHERE  `cate_id` = 8 [ RunTime:0.001536s ]
[ sql ] [ SQL ] SELECT * FROM `ads` WHERE  `c_id` = 9 [ RunTime:0.001124s ]
[ sql ] [ SQL ] SELECT * FROM `goods` WHERE  `cate_id` = 9 [ RunTime:0.001426s ]
[ sql ] [ SQL ] SELECT * FROM `ads` WHERE  `c_id` = 10 [ RunTime:0.001086s ]
[ sql ] [ SQL ] SELECT * FROM `goods` WHERE  `cate_id` = 10 [ RunTime:0.001054s ]
[ sql ] [ SQL ] SELECT * FROM `ads` WHERE  `c_id` = 11 [ RunTime:0.000999s ]
[ sql ] [ SQL ] SELECT * FROM `goods` WHERE  `cate_id` = 11 [ RunTime:0.000886s ]
---------------------------------------------------------------
[ 2019-11-07T18:16:24+08:00 ] 127.0.0.1 GET /
[ info ] www.work.com/ [运行时间：0.105707s][吞吐率：9.46req/s] [内存消耗：2,760.56kb] [文件加载：48]
[ info ] [ LANG ] D:\phpstudy_pro\WWW\work\thinkphp\lang\zh-cn.php
[ info ] [ ROUTE ] array (
  'type' => 'module',
  'module' => 
  array (
    0 => '',
    1 => NULL,
    2 => NULL,
  ),
)
[ info ] [ HEADER ] array (
  'cookie' => 'pgv_pvi=3069371392; PHPSESSID=9p7a2ms05ihg8010ukl174h812',
  'accept-language' => 'zh-CN,zh;q=0.9',
  'accept-encoding' => 'gzip, deflate',
  'accept' => 'text/html,application/xhtml+xml,application/xml;q=0.9,image/webp,image/apng,*/*;q=0.8',
  'user-agent' => 'Mozilla/5.0 (Windows NT 10.0; WOW64) AppleWebKit/537.36 (KHTML, like Gecko) Chrome/70.0.3538.25 Safari/537.36 Core/1.70.3732.400 QQBrowser/10.5.3819.400',
  'upgrade-insecure-requests' => '1',
  'cache-control' => 'max-age=0',
  'connection' => 'close',
  'host' => 'www.work.com',
)
[ info ] [ PARAM ] array (
)
[ info ] [ RUN ] app\index\controller\Index->index[ D:\phpstudy_pro\WWW\work\application\index\controller\Index.php ]
[ info ] [ DB ] INIT mysql
[ info ] [ LOG ] INIT File
[ sql ] [ DB ] CONNECT:[ UseTime:0.002862s ] mysql:host=127.0.0.1;port=3306;dbname=shop;charset=utf8
[ sql ] [ SQL ] SHOW COLUMNS FROM `column` [ RunTime:0.002345s ]
[ sql ] [ SQL ] SELECT * FROM `column` ORDER BY `sort` [ RunTime:0.001562s ]
[ sql ] [ SQL ] SHOW COLUMNS FROM `info` [ RunTime:0.002191s ]
[ sql ] [ SQL ] SELECT * FROM `info` WHERE  `id` = 1 LIMIT 1 [ RunTime:0.001249s ]
[ sql ] [ SQL ] SHOW COLUMNS FROM `slider` [ RunTime:0.001875s ]
[ sql ] [ SQL ] SELECT * FROM `slider` ORDER BY `sort` [ RunTime:0.001076s ]
[ sql ] [ SQL ] SHOW COLUMNS FROM `cate` [ RunTime:0.002101s ]
[ sql ] [ SQL ] SELECT * FROM `cate` [ RunTime:0.001321s ]
[ sql ] [ SQL ] SELECT * FROM `cate` WHERE  `pid` = 0 [ RunTime:0.001305s ]
[ sql ] [ SQL ] SHOW COLUMNS FROM `ads` [ RunTime:0.002190s ]
[ sql ] [ SQL ] SELECT * FROM `ads` WHERE  `c_id` = 3 [ RunTime:0.001072s ]
[ sql ] [ SQL ] SHOW COLUMNS FROM `goods` [ RunTime:0.002117s ]
[ sql ] [ SQL ] SELECT * FROM `goods` WHERE  `cate_id` = 3 [ RunTime:0.001278s ]
[ sql ] [ SQL ] SELECT * FROM `ads` WHERE  `c_id` = 4 [ RunTime:0.000995s ]
[ sql ] [ SQL ] SELECT * FROM `goods` WHERE  `cate_id` = 4 [ RunTime:0.001053s ]
[ sql ] [ SQL ] SELECT * FROM `ads` WHERE  `c_id` = 5 [ RunTime:0.001381s ]
[ sql ] [ SQL ] SELECT * FROM `goods` WHERE  `cate_id` = 5 [ RunTime:0.001341s ]
[ sql ] [ SQL ] SELECT * FROM `ads` WHERE  `c_id` = 6 [ RunTime:0.001037s ]
[ sql ] [ SQL ] SELECT * FROM `goods` WHERE  `cate_id` = 6 [ RunTime:0.001056s ]
[ sql ] [ SQL ] SELECT * FROM `ads` WHERE  `c_id` = 7 [ RunTime:0.001208s ]
[ sql ] [ SQL ] SELECT * FROM `goods` WHERE  `cate_id` = 7 [ RunTime:0.001141s ]
[ sql ] [ SQL ] SELECT * FROM `ads` WHERE  `c_id` = 8 [ RunTime:0.000952s ]
[ sql ] [ SQL ] SELECT * FROM `goods` WHERE  `cate_id` = 8 [ RunTime:0.001106s ]
[ sql ] [ SQL ] SELECT * FROM `ads` WHERE  `c_id` = 9 [ RunTime:0.001157s ]
[ sql ] [ SQL ] SELECT * FROM `goods` WHERE  `cate_id` = 9 [ RunTime:0.001062s ]
[ sql ] [ SQL ] SELECT * FROM `ads` WHERE  `c_id` = 10 [ RunTime:0.001081s ]
[ sql ] [ SQL ] SELECT * FROM `goods` WHERE  `cate_id` = 10 [ RunTime:0.001068s ]
[ sql ] [ SQL ] SELECT * FROM `ads` WHERE  `c_id` = 11 [ RunTime:0.001105s ]
[ sql ] [ SQL ] SELECT * FROM `goods` WHERE  `cate_id` = 11 [ RunTime:0.001122s ]
---------------------------------------------------------------
[ 2019-11-07T18:16:25+08:00 ] 127.0.0.1 GET /
[ info ] www.work.com/ [运行时间：0.095630s][吞吐率：10.46req/s] [内存消耗：2,760.56kb] [文件加载：48]
[ info ] [ LANG ] D:\phpstudy_pro\WWW\work\thinkphp\lang\zh-cn.php
[ info ] [ ROUTE ] array (
  'type' => 'module',
  'module' => 
  array (
    0 => '',
    1 => NULL,
    2 => NULL,
  ),
)
[ info ] [ HEADER ] array (
  'cookie' => 'pgv_pvi=3069371392; PHPSESSID=9p7a2ms05ihg8010ukl174h812',
  'accept-language' => 'zh-CN,zh;q=0.9',
  'accept-encoding' => 'gzip, deflate',
  'accept' => 'text/html,application/xhtml+xml,application/xml;q=0.9,image/webp,image/apng,*/*;q=0.8',
  'user-agent' => 'Mozilla/5.0 (Windows NT 10.0; WOW64) AppleWebKit/537.36 (KHTML, like Gecko) Chrome/70.0.3538.25 Safari/537.36 Core/1.70.3732.400 QQBrowser/10.5.3819.400',
  'upgrade-insecure-requests' => '1',
  'cache-control' => 'max-age=0',
  'connection' => 'close',
  'host' => 'www.work.com',
)
[ info ] [ PARAM ] array (
)
[ info ] [ RUN ] app\index\controller\Index->index[ D:\phpstudy_pro\WWW\work\application\index\controller\Index.php ]
[ info ] [ DB ] INIT mysql
[ info ] [ LOG ] INIT File
[ sql ] [ DB ] CONNECT:[ UseTime:0.003230s ] mysql:host=127.0.0.1;port=3306;dbname=shop;charset=utf8
[ sql ] [ SQL ] SHOW COLUMNS FROM `column` [ RunTime:0.002782s ]
[ sql ] [ SQL ] SELECT * FROM `column` ORDER BY `sort` [ RunTime:0.001434s ]
[ sql ] [ SQL ] SHOW COLUMNS FROM `info` [ RunTime:0.002499s ]
[ sql ] [ SQL ] SELECT * FROM `info` WHERE  `id` = 1 LIMIT 1 [ RunTime:0.001478s ]
[ sql ] [ SQL ] SHOW COLUMNS FROM `slider` [ RunTime:0.002407s ]
[ sql ] [ SQL ] SELECT * FROM `slider` ORDER BY `sort` [ RunTime:0.001383s ]
[ sql ] [ SQL ] SHOW COLUMNS FROM `cate` [ RunTime:0.003188s ]
[ sql ] [ SQL ] SELECT * FROM `cate` [ RunTime:0.001846s ]
[ sql ] [ SQL ] SELECT * FROM `cate` WHERE  `pid` = 0 [ RunTime:0.001768s ]
[ sql ] [ SQL ] SHOW COLUMNS FROM `ads` [ RunTime:0.002503s ]
[ sql ] [ SQL ] SELECT * FROM `ads` WHERE  `c_id` = 3 [ RunTime:0.001953s ]
[ sql ] [ SQL ] SHOW COLUMNS FROM `goods` [ RunTime:0.002475s ]
[ sql ] [ SQL ] SELECT * FROM `goods` WHERE  `cate_id` = 3 [ RunTime:0.002259s ]
[ sql ] [ SQL ] SELECT * FROM `ads` WHERE  `c_id` = 4 [ RunTime:0.001628s ]
[ sql ] [ SQL ] SELECT * FROM `goods` WHERE  `cate_id` = 4 [ RunTime:0.001377s ]
[ sql ] [ SQL ] SELECT * FROM `ads` WHERE  `c_id` = 5 [ RunTime:0.001358s ]
[ sql ] [ SQL ] SELECT * FROM `goods` WHERE  `cate_id` = 5 [ RunTime:0.001761s ]
[ sql ] [ SQL ] SELECT * FROM `ads` WHERE  `c_id` = 6 [ RunTime:0.001795s ]
[ sql ] [ SQL ] SELECT * FROM `goods` WHERE  `cate_id` = 6 [ RunTime:0.001448s ]
[ sql ] [ SQL ] SELECT * FROM `ads` WHERE  `c_id` = 7 [ RunTime:0.001658s ]
[ sql ] [ SQL ] SELECT * FROM `goods` WHERE  `cate_id` = 7 [ RunTime:0.001653s ]
[ sql ] [ SQL ] SELECT * FROM `ads` WHERE  `c_id` = 8 [ RunTime:0.001815s ]
[ sql ] [ SQL ] SELECT * FROM `goods` WHERE  `cate_id` = 8 [ RunTime:0.002383s ]
[ sql ] [ SQL ] SELECT * FROM `ads` WHERE  `c_id` = 9 [ RunTime:0.001607s ]
[ sql ] [ SQL ] SELECT * FROM `goods` WHERE  `cate_id` = 9 [ RunTime:0.001627s ]
[ sql ] [ SQL ] SELECT * FROM `ads` WHERE  `c_id` = 10 [ RunTime:0.001633s ]
[ sql ] [ SQL ] SELECT * FROM `goods` WHERE  `cate_id` = 10 [ RunTime:0.001407s ]
[ sql ] [ SQL ] SELECT * FROM `ads` WHERE  `c_id` = 11 [ RunTime:0.001395s ]
[ sql ] [ SQL ] SELECT * FROM `goods` WHERE  `cate_id` = 11 [ RunTime:0.001603s ]
---------------------------------------------------------------
[ 2019-11-07T18:16:39+08:00 ] 127.0.0.1 GET /
[ info ] www.work.com/ [运行时间：0.187228s][吞吐率：5.34req/s] [内存消耗：2,972.19kb] [文件加载：53]
[ info ] [ LANG ] D:\phpstudy_pro\WWW\work\thinkphp\lang\zh-cn.php
[ info ] [ ROUTE ] array (
  'type' => 'module',
  'module' => 
  array (
    0 => '',
    1 => NULL,
    2 => NULL,
  ),
)
[ info ] [ HEADER ] array (
  'cookie' => 'pgv_pvi=3069371392; PHPSESSID=9p7a2ms05ihg8010ukl174h812',
  'accept-language' => 'zh-CN,zh;q=0.9',
  'accept-encoding' => 'gzip, deflate',
  'accept' => 'text/html,application/xhtml+xml,application/xml;q=0.9,image/webp,image/apng,*/*;q=0.8',
  'user-agent' => 'Mozilla/5.0 (Windows NT 10.0; WOW64) AppleWebKit/537.36 (KHTML, like Gecko) Chrome/70.0.3538.25 Safari/537.36 Core/1.70.3732.400 QQBrowser/10.5.3819.400',
  'upgrade-insecure-requests' => '1',
  'cache-control' => 'max-age=0',
  'connection' => 'close',
  'host' => 'www.work.com',
)
[ info ] [ PARAM ] array (
)
[ info ] [ RUN ] app\index\controller\Index->index[ D:\phpstudy_pro\WWW\work\application\index\controller\Index.php ]
[ info ] [ DB ] INIT mysql
[ info ] [ VIEW ] D:\phpstudy_pro\WWW\work\public/../application/index\view\index\index.html [ array (
  0 => 'data',
  1 => 'cate',
  2 => 'column',
  3 => 'info',
  4 => 'slider',
) ]
[ info ] [ LOG ] INIT File
[ sql ] [ DB ] CONNECT:[ UseTime:0.002173s ] mysql:host=127.0.0.1;port=3306;dbname=shop;charset=utf8
[ sql ] [ SQL ] SHOW COLUMNS FROM `column` [ RunTime:0.001875s ]
[ sql ] [ SQL ] SELECT * FROM `column` ORDER BY `sort` [ RunTime:0.000995s ]
[ sql ] [ SQL ] SHOW COLUMNS FROM `info` [ RunTime:0.001719s ]
[ sql ] [ SQL ] SELECT * FROM `info` WHERE  `id` = 1 LIMIT 1 [ RunTime:0.001242s ]
[ sql ] [ SQL ] SHOW COLUMNS FROM `slider` [ RunTime:0.003827s ]
[ sql ] [ SQL ] SELECT * FROM `slider` ORDER BY `sort` [ RunTime:0.001036s ]
[ sql ] [ SQL ] SHOW COLUMNS FROM `cate` [ RunTime:0.001831s ]
[ sql ] [ SQL ] SELECT * FROM `cate` [ RunTime:0.001344s ]
[ sql ] [ SQL ] SELECT * FROM `cate` WHERE  `pid` = 0 [ RunTime:0.001177s ]
[ sql ] [ SQL ] SHOW COLUMNS FROM `ads` [ RunTime:0.002076s ]
[ sql ] [ SQL ] SELECT * FROM `ads` WHERE  `c_id` = 3 [ RunTime:0.000990s ]
[ sql ] [ SQL ] SHOW COLUMNS FROM `goods` [ RunTime:0.002282s ]
[ sql ] [ SQL ] SELECT * FROM `goods` WHERE  `cate_id` = 3 [ RunTime:0.001723s ]
[ sql ] [ SQL ] SELECT * FROM `ads` WHERE  `c_id` = 4 [ RunTime:0.001145s ]
[ sql ] [ SQL ] SELECT * FROM `goods` WHERE  `cate_id` = 4 [ RunTime:0.001079s ]
[ sql ] [ SQL ] SELECT * FROM `ads` WHERE  `c_id` = 5 [ RunTime:0.001302s ]
[ sql ] [ SQL ] SELECT * FROM `goods` WHERE  `cate_id` = 5 [ RunTime:0.001067s ]
[ sql ] [ SQL ] SELECT * FROM `ads` WHERE  `c_id` = 6 [ RunTime:0.000852s ]
[ sql ] [ SQL ] SELECT * FROM `goods` WHERE  `cate_id` = 6 [ RunTime:0.001098s ]
[ sql ] [ SQL ] SELECT * FROM `ads` WHERE  `c_id` = 7 [ RunTime:0.001453s ]
[ sql ] [ SQL ] SELECT * FROM `goods` WHERE  `cate_id` = 7 [ RunTime:0.001106s ]
[ sql ] [ SQL ] SELECT * FROM `ads` WHERE  `c_id` = 8 [ RunTime:0.000840s ]
[ sql ] [ SQL ] SELECT * FROM `goods` WHERE  `cate_id` = 8 [ RunTime:0.000858s ]
[ sql ] [ SQL ] SELECT * FROM `ads` WHERE  `c_id` = 9 [ RunTime:0.001553s ]
[ sql ] [ SQL ] SELECT * FROM `goods` WHERE  `cate_id` = 9 [ RunTime:0.001392s ]
[ sql ] [ SQL ] SELECT * FROM `ads` WHERE  `c_id` = 10 [ RunTime:0.001009s ]
[ sql ] [ SQL ] SELECT * FROM `goods` WHERE  `cate_id` = 10 [ RunTime:0.001274s ]
[ sql ] [ SQL ] SELECT * FROM `ads` WHERE  `c_id` = 11 [ RunTime:0.001161s ]
[ sql ] [ SQL ] SELECT * FROM `goods` WHERE  `cate_id` = 11 [ RunTime:0.001087s ]
[ error ] [0]模板标签错误:volist[D:\phpstudy_pro\WWW\work\thinkphp\library\think\template\TagLib.php:275]
---------------------------------------------------------------
[ 2019-11-07T18:16:49+08:00 ] 127.0.0.1 GET /
[ info ] www.work.com/ [运行时间：0.095677s][吞吐率：10.45req/s] [内存消耗：2,994.59kb] [文件加载：52]
[ info ] [ LANG ] D:\phpstudy_pro\WWW\work\thinkphp\lang\zh-cn.php
[ info ] [ ROUTE ] array (
  'type' => 'module',
  'module' => 
  array (
    0 => '',
    1 => NULL,
    2 => NULL,
  ),
)
[ info ] [ HEADER ] array (
  'cookie' => 'pgv_pvi=3069371392; PHPSESSID=9p7a2ms05ihg8010ukl174h812',
  'accept-language' => 'zh-CN,zh;q=0.9',
  'accept-encoding' => 'gzip, deflate',
  'accept' => 'text/html,application/xhtml+xml,application/xml;q=0.9,image/webp,image/apng,*/*;q=0.8',
  'user-agent' => 'Mozilla/5.0 (Windows NT 10.0; WOW64) AppleWebKit/537.36 (KHTML, like Gecko) Chrome/70.0.3538.25 Safari/537.36 Core/1.70.3732.400 QQBrowser/10.5.3819.400',
  'upgrade-insecure-requests' => '1',
  'cache-control' => 'no-cache',
  'pragma' => 'no-cache',
  'connection' => 'close',
  'host' => 'www.work.com',
)
[ info ] [ PARAM ] array (
)
[ info ] [ RUN ] app\index\controller\Index->index[ D:\phpstudy_pro\WWW\work\application\index\controller\Index.php ]
[ info ] [ DB ] INIT mysql
[ info ] [ VIEW ] D:\phpstudy_pro\WWW\work\public/../application/index\view\index\index.html [ array (
  0 => 'data',
  1 => 'cate',
  2 => 'column',
  3 => 'info',
  4 => 'slider',
) ]
[ info ] [ SESSION ] INIT array (
  'id' => '',
  'var_session_id' => '',
  'prefix' => 'think',
  'type' => '',
  'auto_start' => true,
)
[ info ] [ LOG ] INIT File
[ sql ] [ DB ] CONNECT:[ UseTime:0.011494s ] mysql:host=127.0.0.1;port=3306;dbname=shop;charset=utf8
[ sql ] [ SQL ] SHOW COLUMNS FROM `column` [ RunTime:0.002017s ]
[ sql ] [ SQL ] SELECT * FROM `column` ORDER BY `sort` [ RunTime:0.001056s ]
[ sql ] [ SQL ] SHOW COLUMNS FROM `info` [ RunTime:0.001789s ]
[ sql ] [ SQL ] SELECT * FROM `info` WHERE  `id` = 1 LIMIT 1 [ RunTime:0.001176s ]
[ sql ] [ SQL ] SHOW COLUMNS FROM `slider` [ RunTime:0.001884s ]
[ sql ] [ SQL ] SELECT * FROM `slider` ORDER BY `sort` [ RunTime:0.001274s ]
[ sql ] [ SQL ] SHOW COLUMNS FROM `cate` [ RunTime:0.003015s ]
[ sql ] [ SQL ] SELECT * FROM `cate` [ RunTime:0.000986s ]
[ sql ] [ SQL ] SELECT * FROM `cate` WHERE  `pid` = 0 [ RunTime:0.001121s ]
[ sql ] [ SQL ] SHOW COLUMNS FROM `ads` [ RunTime:0.001809s ]
[ sql ] [ SQL ] SELECT * FROM `ads` WHERE  `c_id` = 3 [ RunTime:0.001249s ]
[ sql ] [ SQL ] SHOW COLUMNS FROM `goods` [ RunTime:0.001846s ]
[ sql ] [ SQL ] SELECT * FROM `goods` WHERE  `cate_id` = 3 [ RunTime:0.001027s ]
[ sql ] [ SQL ] SELECT * FROM `ads` WHERE  `c_id` = 4 [ RunTime:0.000965s ]
[ sql ] [ SQL ] SELECT * FROM `goods` WHERE  `cate_id` = 4 [ RunTime:0.001229s ]
[ sql ] [ SQL ] SELECT * FROM `ads` WHERE  `c_id` = 5 [ RunTime:0.001185s ]
[ sql ] [ SQL ] SELECT * FROM `goods` WHERE  `cate_id` = 5 [ RunTime:0.001013s ]
[ sql ] [ SQL ] SELECT * FROM `ads` WHERE  `c_id` = 6 [ RunTime:0.000938s ]
[ sql ] [ SQL ] SELECT * FROM `goods` WHERE  `cate_id` = 6 [ RunTime:0.001001s ]
[ sql ] [ SQL ] SELECT * FROM `ads` WHERE  `c_id` = 7 [ RunTime:0.000955s ]
[ sql ] [ SQL ] SELECT * FROM `goods` WHERE  `cate_id` = 7 [ RunTime:0.000947s ]
[ sql ] [ SQL ] SELECT * FROM `ads` WHERE  `c_id` = 8 [ RunTime:0.001063s ]
[ sql ] [ SQL ] SELECT * FROM `goods` WHERE  `cate_id` = 8 [ RunTime:0.001132s ]
[ sql ] [ SQL ] SELECT * FROM `ads` WHERE  `c_id` = 9 [ RunTime:0.001338s ]
[ sql ] [ SQL ] SELECT * FROM `goods` WHERE  `cate_id` = 9 [ RunTime:0.001056s ]
[ sql ] [ SQL ] SELECT * FROM `ads` WHERE  `c_id` = 10 [ RunTime:0.000980s ]
[ sql ] [ SQL ] SELECT * FROM `goods` WHERE  `cate_id` = 10 [ RunTime:0.001104s ]
[ sql ] [ SQL ] SELECT * FROM `ads` WHERE  `c_id` = 11 [ RunTime:0.001038s ]
[ sql ] [ SQL ] SELECT * FROM `goods` WHERE  `cate_id` = 11 [ RunTime:0.001275s ]
---------------------------------------------------------------
[ 2019-11-07T18:17:55+08:00 ] 127.0.0.1 GET /
[ info ] www.work.com/ [运行时间：0.106604s][吞吐率：9.38req/s] [内存消耗：2,994.47kb] [文件加载：52]
[ info ] [ LANG ] D:\phpstudy_pro\WWW\work\thinkphp\lang\zh-cn.php
[ info ] [ ROUTE ] array (
  'type' => 'module',
  'module' => 
  array (
    0 => '',
    1 => NULL,
    2 => NULL,
  ),
)
[ info ] [ HEADER ] array (
  'cookie' => 'pgv_pvi=3069371392; PHPSESSID=9p7a2ms05ihg8010ukl174h812',
  'accept-language' => 'zh-CN,zh;q=0.9',
  'accept-encoding' => 'gzip, deflate',
  'accept' => 'text/html,application/xhtml+xml,application/xml;q=0.9,image/webp,image/apng,*/*;q=0.8',
  'user-agent' => 'Mozilla/5.0 (Windows NT 10.0; WOW64) AppleWebKit/537.36 (KHTML, like Gecko) Chrome/70.0.3538.25 Safari/537.36 Core/1.70.3732.400 QQBrowser/10.5.3819.400',
  'upgrade-insecure-requests' => '1',
  'cache-control' => 'max-age=0',
  'connection' => 'close',
  'host' => 'www.work.com',
)
[ info ] [ PARAM ] array (
)
[ info ] [ RUN ] app\index\controller\Index->index[ D:\phpstudy_pro\WWW\work\application\index\controller\Index.php ]
[ info ] [ DB ] INIT mysql
[ info ] [ VIEW ] D:\phpstudy_pro\WWW\work\public/../application/index\view\index\index.html [ array (
  0 => 'data',
  1 => 'cate',
  2 => 'column',
  3 => 'info',
  4 => 'slider',
) ]
[ info ] [ SESSION ] INIT array (
  'id' => '',
  'var_session_id' => '',
  'prefix' => 'think',
  'type' => '',
  'auto_start' => true,
)
[ info ] [ LOG ] INIT File
[ sql ] [ DB ] CONNECT:[ UseTime:0.011795s ] mysql:host=127.0.0.1;port=3306;dbname=shop;charset=utf8
[ sql ] [ SQL ] SHOW COLUMNS FROM `column` [ RunTime:0.002663s ]
[ sql ] [ SQL ] SELECT * FROM `column` ORDER BY `sort` [ RunTime:0.001557s ]
[ sql ] [ SQL ] SHOW COLUMNS FROM `info` [ RunTime:0.002569s ]
[ sql ] [ SQL ] SELECT * FROM `info` WHERE  `id` = 1 LIMIT 1 [ RunTime:0.001191s ]
[ sql ] [ SQL ] SHOW COLUMNS FROM `slider` [ RunTime:0.002622s ]
[ sql ] [ SQL ] SELECT * FROM `slider` ORDER BY `sort` [ RunTime:0.001200s ]
[ sql ] [ SQL ] SHOW COLUMNS FROM `cate` [ RunTime:0.003159s ]
[ sql ] [ SQL ] SELECT * FROM `cate` [ RunTime:0.001605s ]
[ sql ] [ SQL ] SELECT * FROM `cate` WHERE  `pid` = 0 [ RunTime:0.001456s ]
[ sql ] [ SQL ] SHOW COLUMNS FROM `ads` [ RunTime:0.002230s ]
[ sql ] [ SQL ] SELECT * FROM `ads` WHERE  `c_id` = 3 [ RunTime:0.001271s ]
[ sql ] [ SQL ] SHOW COLUMNS FROM `goods` [ RunTime:0.002403s ]
[ sql ] [ SQL ] SELECT * FROM `goods` WHERE  `cate_id` = 3 [ RunTime:0.001977s ]
[ sql ] [ SQL ] SELECT * FROM `ads` WHERE  `c_id` = 4 [ RunTime:0.001218s ]
[ sql ] [ SQL ] SELECT * FROM `goods` WHERE  `cate_id` = 4 [ RunTime:0.001093s ]
[ sql ] [ SQL ] SELECT * FROM `ads` WHERE  `c_id` = 5 [ RunTime:0.001238s ]
[ sql ] [ SQL ] SELECT * FROM `goods` WHERE  `cate_id` = 5 [ RunTime:0.001115s ]
[ sql ] [ SQL ] SELECT * FROM `ads` WHERE  `c_id` = 6 [ RunTime:0.001022s ]
[ sql ] [ SQL ] SELECT * FROM `goods` WHERE  `cate_id` = 6 [ RunTime:0.001057s ]
[ sql ] [ SQL ] SELECT * FROM `ads` WHERE  `c_id` = 7 [ RunTime:0.000975s ]
[ sql ] [ SQL ] SELECT * FROM `goods` WHERE  `cate_id` = 7 [ RunTime:0.001164s ]
[ sql ] [ SQL ] SELECT * FROM `ads` WHERE  `c_id` = 8 [ RunTime:0.000849s ]
[ sql ] [ SQL ] SELECT * FROM `goods` WHERE  `cate_id` = 8 [ RunTime:0.000984s ]
[ sql ] [ SQL ] SELECT * FROM `ads` WHERE  `c_id` = 9 [ RunTime:0.000851s ]
[ sql ] [ SQL ] SELECT * FROM `goods` WHERE  `cate_id` = 9 [ RunTime:0.001001s ]
[ sql ] [ SQL ] SELECT * FROM `ads` WHERE  `c_id` = 10 [ RunTime:0.001173s ]
[ sql ] [ SQL ] SELECT * FROM `goods` WHERE  `cate_id` = 10 [ RunTime:0.001039s ]
[ sql ] [ SQL ] SELECT * FROM `ads` WHERE  `c_id` = 11 [ RunTime:0.000995s ]
[ sql ] [ SQL ] SELECT * FROM `goods` WHERE  `cate_id` = 11 [ RunTime:0.000979s ]
---------------------------------------------------------------
[ 2019-11-07T18:18:08+08:00 ] 127.0.0.1 GET /
[ info ] www.work.com/ [运行时间：0.097713s][吞吐率：10.23req/s] [内存消耗：2,848.31kb] [文件加载：50]
[ info ] [ LANG ] D:\phpstudy_pro\WWW\work\thinkphp\lang\zh-cn.php
[ info ] [ ROUTE ] array (
  'type' => 'module',
  'module' => 
  array (
    0 => '',
    1 => NULL,
    2 => NULL,
  ),
)
[ info ] [ HEADER ] array (
  'cookie' => 'pgv_pvi=3069371392; PHPSESSID=9p7a2ms05ihg8010ukl174h812',
  'accept-language' => 'zh-CN,zh;q=0.9',
  'accept-encoding' => 'gzip, deflate',
  'accept' => 'text/html,application/xhtml+xml,application/xml;q=0.9,image/webp,image/apng,*/*;q=0.8',
  'user-agent' => 'Mozilla/5.0 (Windows NT 10.0; WOW64) AppleWebKit/537.36 (KHTML, like Gecko) Chrome/70.0.3538.25 Safari/537.36 Core/1.70.3732.400 QQBrowser/10.5.3819.400',
  'upgrade-insecure-requests' => '1',
  'cache-control' => 'max-age=0',
  'connection' => 'close',
  'host' => 'www.work.com',
)
[ info ] [ PARAM ] array (
)
[ info ] [ RUN ] app\index\controller\Index->index[ D:\phpstudy_pro\WWW\work\application\index\controller\Index.php ]
[ info ] [ DB ] INIT mysql
[ info ] [ VIEW ] D:\phpstudy_pro\WWW\work\public/../application/index\view\index\index.html [ array (
  0 => 'data',
  1 => 'cate',
  2 => 'column',
  3 => 'info',
  4 => 'slider',
) ]
[ info ] [ SESSION ] INIT array (
  'id' => '',
  'var_session_id' => '',
  'prefix' => 'think',
  'type' => '',
  'auto_start' => true,
)
[ info ] [ LOG ] INIT File
[ sql ] [ DB ] CONNECT:[ UseTime:0.002416s ] mysql:host=127.0.0.1;port=3306;dbname=shop;charset=utf8
[ sql ] [ SQL ] SHOW COLUMNS FROM `column` [ RunTime:0.002829s ]
[ sql ] [ SQL ] SELECT * FROM `column` ORDER BY `sort` [ RunTime:0.001301s ]
[ sql ] [ SQL ] SHOW COLUMNS FROM `info` [ RunTime:0.002347s ]
[ sql ] [ SQL ] SELECT * FROM `info` WHERE  `id` = 1 LIMIT 1 [ RunTime:0.001765s ]
[ sql ] [ SQL ] SHOW COLUMNS FROM `slider` [ RunTime:0.002923s ]
[ sql ] [ SQL ] SELECT * FROM `slider` ORDER BY `sort` [ RunTime:0.001333s ]
[ sql ] [ SQL ] SHOW COLUMNS FROM `cate` [ RunTime:0.002437s ]
[ sql ] [ SQL ] SELECT * FROM `cate` [ RunTime:0.001285s ]
[ sql ] [ SQL ] SELECT * FROM `cate` WHERE  `pid` = 0 [ RunTime:0.001254s ]
[ sql ] [ SQL ] SHOW COLUMNS FROM `ads` [ RunTime:0.002237s ]
[ sql ] [ SQL ] SELECT * FROM `ads` WHERE  `c_id` = 3 [ RunTime:0.001740s ]
[ sql ] [ SQL ] SHOW COLUMNS FROM `goods` [ RunTime:0.002422s ]
[ sql ] [ SQL ] SELECT * FROM `goods` WHERE  `cate_id` = 3 [ RunTime:0.001452s ]
[ sql ] [ SQL ] SELECT * FROM `ads` WHERE  `c_id` = 4 [ RunTime:0.001181s ]
[ sql ] [ SQL ] SELECT * FROM `goods` WHERE  `cate_id` = 4 [ RunTime:0.001187s ]
[ sql ] [ SQL ] SELECT * FROM `ads` WHERE  `c_id` = 5 [ RunTime:0.001296s ]
[ sql ] [ SQL ] SELECT * FROM `goods` WHERE  `cate_id` = 5 [ RunTime:0.001233s ]
[ sql ] [ SQL ] SELECT * FROM `ads` WHERE  `c_id` = 6 [ RunTime:0.001323s ]
[ sql ] [ SQL ] SELECT * FROM `goods` WHERE  `cate_id` = 6 [ RunTime:0.001438s ]
[ sql ] [ SQL ] SELECT * FROM `ads` WHERE  `c_id` = 7 [ RunTime:0.001312s ]
[ sql ] [ SQL ] SELECT * FROM `goods` WHERE  `cate_id` = 7 [ RunTime:0.002046s ]
[ sql ] [ SQL ] SELECT * FROM `ads` WHERE  `c_id` = 8 [ RunTime:0.001683s ]
[ sql ] [ SQL ] SELECT * FROM `goods` WHERE  `cate_id` = 8 [ RunTime:0.001156s ]
[ sql ] [ SQL ] SELECT * FROM `ads` WHERE  `c_id` = 9 [ RunTime:0.000941s ]
[ sql ] [ SQL ] SELECT * FROM `goods` WHERE  `cate_id` = 9 [ RunTime:0.001336s ]
[ sql ] [ SQL ] SELECT * FROM `ads` WHERE  `c_id` = 10 [ RunTime:0.001155s ]
[ sql ] [ SQL ] SELECT * FROM `goods` WHERE  `cate_id` = 10 [ RunTime:0.001051s ]
[ sql ] [ SQL ] SELECT * FROM `ads` WHERE  `c_id` = 11 [ RunTime:0.000987s ]
[ sql ] [ SQL ] SELECT * FROM `goods` WHERE  `cate_id` = 11 [ RunTime:0.001259s ]
---------------------------------------------------------------
[ 2019-11-07T18:18:52+08:00 ] 127.0.0.1 GET /
[ info ] www.work.com/ [运行时间：0.105574s][吞吐率：9.47req/s] [内存消耗：2,896.34kb] [文件加载：50]
[ info ] [ LANG ] D:\phpstudy_pro\WWW\work\thinkphp\lang\zh-cn.php
[ info ] [ ROUTE ] array (
  'type' => 'module',
  'module' => 
  array (
    0 => '',
    1 => NULL,
    2 => NULL,
  ),
)
[ info ] [ HEADER ] array (
  'cookie' => 'pgv_pvi=3069371392; PHPSESSID=9p7a2ms05ihg8010ukl174h812',
  'accept-language' => 'zh-CN,zh;q=0.9',
  'accept-encoding' => 'gzip, deflate',
  'accept' => 'text/html,application/xhtml+xml,application/xml;q=0.9,image/webp,image/apng,*/*;q=0.8',
  'user-agent' => 'Mozilla/5.0 (Windows NT 10.0; WOW64) AppleWebKit/537.36 (KHTML, like Gecko) Chrome/70.0.3538.25 Safari/537.36 Core/1.70.3732.400 QQBrowser/10.5.3819.400',
  'upgrade-insecure-requests' => '1',
  'cache-control' => 'max-age=0',
  'connection' => 'close',
  'host' => 'www.work.com',
)
[ info ] [ PARAM ] array (
)
[ info ] [ RUN ] app\index\controller\Index->index[ D:\phpstudy_pro\WWW\work\application\index\controller\Index.php ]
[ info ] [ DB ] INIT mysql
[ info ] [ VIEW ] D:\phpstudy_pro\WWW\work\public/../application/index\view\index\index.html [ array (
  0 => 'data',
  1 => 'cate',
  2 => 'column',
  3 => 'info',
  4 => 'slider',
) ]
[ info ] [ SESSION ] INIT array (
  'id' => '',
  'var_session_id' => '',
  'prefix' => 'think',
  'type' => '',
  'auto_start' => true,
)
[ info ] [ LOG ] INIT File
[ sql ] [ DB ] CONNECT:[ UseTime:0.003750s ] mysql:host=127.0.0.1;port=3306;dbname=shop;charset=utf8
[ sql ] [ SQL ] SHOW COLUMNS FROM `column` [ RunTime:0.002370s ]
[ sql ] [ SQL ] SELECT * FROM `column` ORDER BY `sort` [ RunTime:0.001188s ]
[ sql ] [ SQL ] SHOW COLUMNS FROM `info` [ RunTime:0.002152s ]
[ sql ] [ SQL ] SELECT * FROM `info` WHERE  `id` = 1 LIMIT 1 [ RunTime:0.001742s ]
[ sql ] [ SQL ] SHOW COLUMNS FROM `slider` [ RunTime:0.002340s ]
[ sql ] [ SQL ] SELECT * FROM `slider` ORDER BY `sort` [ RunTime:0.001390s ]
[ sql ] [ SQL ] SHOW COLUMNS FROM `cate` [ RunTime:0.001925s ]
[ sql ] [ SQL ] SELECT * FROM `cate` [ RunTime:0.000903s ]
[ sql ] [ SQL ] SELECT * FROM `cate` WHERE  `pid` = 0 [ RunTime:0.001271s ]
[ sql ] [ SQL ] SHOW COLUMNS FROM `ads` [ RunTime:0.002150s ]
[ sql ] [ SQL ] SELECT * FROM `ads` WHERE  `c_id` = 3 [ RunTime:0.001232s ]
[ sql ] [ SQL ] SHOW COLUMNS FROM `goods` [ RunTime:0.002172s ]
[ sql ] [ SQL ] SELECT * FROM `goods` WHERE  `cate_id` = 3 [ RunTime:0.001259s ]
[ sql ] [ SQL ] SELECT * FROM `ads` WHERE  `c_id` = 4 [ RunTime:0.002023s ]
[ sql ] [ SQL ] SELECT * FROM `goods` WHERE  `cate_id` = 4 [ RunTime:0.001474s ]
[ sql ] [ SQL ] SELECT * FROM `ads` WHERE  `c_id` = 5 [ RunTime:0.001304s ]
[ sql ] [ SQL ] SELECT * FROM `goods` WHERE  `cate_id` = 5 [ RunTime:0.001341s ]
[ sql ] [ SQL ] SELECT * FROM `ads` WHERE  `c_id` = 6 [ RunTime:0.001226s ]
[ sql ] [ SQL ] SELECT * FROM `goods` WHERE  `cate_id` = 6 [ RunTime:0.001336s ]
[ sql ] [ SQL ] SELECT * FROM `ads` WHERE  `c_id` = 7 [ RunTime:0.001222s ]
[ sql ] [ SQL ] SELECT * FROM `goods` WHERE  `cate_id` = 7 [ RunTime:0.001080s ]
[ sql ] [ SQL ] SELECT * FROM `ads` WHERE  `c_id` = 8 [ RunTime:0.001530s ]
[ sql ] [ SQL ] SELECT * FROM `goods` WHERE  `cate_id` = 8 [ RunTime:0.000867s ]
[ sql ] [ SQL ] SELECT * FROM `ads` WHERE  `c_id` = 9 [ RunTime:0.001058s ]
[ sql ] [ SQL ] SELECT * FROM `goods` WHERE  `cate_id` = 9 [ RunTime:0.001635s ]
[ sql ] [ SQL ] SELECT * FROM `ads` WHERE  `c_id` = 10 [ RunTime:0.001271s ]
[ sql ] [ SQL ] SELECT * FROM `goods` WHERE  `cate_id` = 10 [ RunTime:0.001777s ]
[ sql ] [ SQL ] SELECT * FROM `ads` WHERE  `c_id` = 11 [ RunTime:0.001083s ]
[ sql ] [ SQL ] SELECT * FROM `goods` WHERE  `cate_id` = 11 [ RunTime:0.001156s ]
---------------------------------------------------------------
[ 2019-11-07T18:19:57+08:00 ] 127.0.0.1 GET /
[ info ] www.work.com/ [运行时间：0.099289s][吞吐率：10.07req/s] [内存消耗：2,848.48kb] [文件加载：50]
[ info ] [ LANG ] D:\phpstudy_pro\WWW\work\thinkphp\lang\zh-cn.php
[ info ] [ ROUTE ] array (
  'type' => 'module',
  'module' => 
  array (
    0 => '',
    1 => NULL,
    2 => NULL,
  ),
)
[ info ] [ HEADER ] array (
  'cookie' => 'pgv_pvi=3069371392; PHPSESSID=9p7a2ms05ihg8010ukl174h812',
  'accept-language' => 'zh-CN,zh;q=0.9',
  'accept-encoding' => 'gzip, deflate',
  'accept' => 'text/html,application/xhtml+xml,application/xml;q=0.9,image/webp,image/apng,*/*;q=0.8',
  'user-agent' => 'Mozilla/5.0 (Windows NT 10.0; WOW64) AppleWebKit/537.36 (KHTML, like Gecko) Chrome/70.0.3538.25 Safari/537.36 Core/1.70.3732.400 QQBrowser/10.5.3819.400',
  'upgrade-insecure-requests' => '1',
  'cache-control' => 'no-cache',
  'pragma' => 'no-cache',
  'connection' => 'close',
  'host' => 'www.work.com',
)
[ info ] [ PARAM ] array (
)
[ info ] [ RUN ] app\index\controller\Index->index[ D:\phpstudy_pro\WWW\work\application\index\controller\Index.php ]
[ info ] [ DB ] INIT mysql
[ info ] [ VIEW ] D:\phpstudy_pro\WWW\work\public/../application/index\view\index\index.html [ array (
  0 => 'data',
  1 => 'cate',
  2 => 'column',
  3 => 'info',
  4 => 'slider',
) ]
[ info ] [ SESSION ] INIT array (
  'id' => '',
  'var_session_id' => '',
  'prefix' => 'think',
  'type' => '',
  'auto_start' => true,
)
[ info ] [ LOG ] INIT File
[ sql ] [ DB ] CONNECT:[ UseTime:0.003170s ] mysql:host=127.0.0.1;port=3306;dbname=shop;charset=utf8
[ sql ] [ SQL ] SHOW COLUMNS FROM `column` [ RunTime:0.003099s ]
[ sql ] [ SQL ] SELECT * FROM `column` ORDER BY `sort` [ RunTime:0.001446s ]
[ sql ] [ SQL ] SHOW COLUMNS FROM `info` [ RunTime:0.002077s ]
[ sql ] [ SQL ] SELECT * FROM `info` WHERE  `id` = 1 LIMIT 1 [ RunTime:0.001744s ]
[ sql ] [ SQL ] SHOW COLUMNS FROM `slider` [ RunTime:0.002580s ]
[ sql ] [ SQL ] SELECT * FROM `slider` ORDER BY `sort` [ RunTime:0.001505s ]
[ sql ] [ SQL ] SHOW COLUMNS FROM `cate` [ RunTime:0.003126s ]
[ sql ] [ SQL ] SELECT * FROM `cate` [ RunTime:0.001445s ]
[ sql ] [ SQL ] SELECT * FROM `cate` WHERE  `pid` = 0 [ RunTime:0.001417s ]
[ sql ] [ SQL ] SHOW COLUMNS FROM `ads` [ RunTime:0.002285s ]
[ sql ] [ SQL ] SELECT * FROM `ads` WHERE  `c_id` = 3 [ RunTime:0.001053s ]
[ sql ] [ SQL ] SHOW COLUMNS FROM `goods` [ RunTime:0.002797s ]
[ sql ] [ SQL ] SELECT * FROM `goods` WHERE  `cate_id` = 3 [ RunTime:0.001535s ]
[ sql ] [ SQL ] SELECT * FROM `ads` WHERE  `c_id` = 4 [ RunTime:0.001778s ]
[ sql ] [ SQL ] SELECT * FROM `goods` WHERE  `cate_id` = 4 [ RunTime:0.001542s ]
[ sql ] [ SQL ] SELECT * FROM `ads` WHERE  `c_id` = 5 [ RunTime:0.001126s ]
[ sql ] [ SQL ] SELECT * FROM `goods` WHERE  `cate_id` = 5 [ RunTime:0.001123s ]
[ sql ] [ SQL ] SELECT * FROM `ads` WHERE  `c_id` = 6 [ RunTime:0.001026s ]
[ sql ] [ SQL ] SELECT * FROM `goods` WHERE  `cate_id` = 6 [ RunTime:0.001448s ]
[ sql ] [ SQL ] SELECT * FROM `ads` WHERE  `c_id` = 7 [ RunTime:0.001477s ]
[ sql ] [ SQL ] SELECT * FROM `goods` WHERE  `cate_id` = 7 [ RunTime:0.001551s ]
[ sql ] [ SQL ] SELECT * FROM `ads` WHERE  `c_id` = 8 [ RunTime:0.001346s ]
[ sql ] [ SQL ] SELECT * FROM `goods` WHERE  `cate_id` = 8 [ RunTime:0.001227s ]
[ sql ] [ SQL ] SELECT * FROM `ads` WHERE  `c_id` = 9 [ RunTime:0.001010s ]
[ sql ] [ SQL ] SELECT * FROM `goods` WHERE  `cate_id` = 9 [ RunTime:0.001476s ]
[ sql ] [ SQL ] SELECT * FROM `ads` WHERE  `c_id` = 10 [ RunTime:0.001248s ]
[ sql ] [ SQL ] SELECT * FROM `goods` WHERE  `cate_id` = 10 [ RunTime:0.001315s ]
[ sql ] [ SQL ] SELECT * FROM `ads` WHERE  `c_id` = 11 [ RunTime:0.001450s ]
[ sql ] [ SQL ] SELECT * FROM `goods` WHERE  `cate_id` = 11 [ RunTime:0.001417s ]
---------------------------------------------------------------
[ 2019-11-07T18:21:16+08:00 ] 127.0.0.1 GET /
[ info ] www.work.com/ [运行时间：0.111819s][吞吐率：8.94req/s] [内存消耗：2,848.36kb] [文件加载：50]
[ info ] [ LANG ] D:\phpstudy_pro\WWW\work\thinkphp\lang\zh-cn.php
[ info ] [ ROUTE ] array (
  'type' => 'module',
  'module' => 
  array (
    0 => '',
    1 => NULL,
    2 => NULL,
  ),
)
[ info ] [ HEADER ] array (
  'cookie' => 'pgv_pvi=3069371392; PHPSESSID=9p7a2ms05ihg8010ukl174h812',
  'accept-language' => 'zh-CN,zh;q=0.9',
  'accept-encoding' => 'gzip, deflate',
  'accept' => 'text/html,application/xhtml+xml,application/xml;q=0.9,image/webp,image/apng,*/*;q=0.8',
  'user-agent' => 'Mozilla/5.0 (Windows NT 10.0; WOW64) AppleWebKit/537.36 (KHTML, like Gecko) Chrome/70.0.3538.25 Safari/537.36 Core/1.70.3732.400 QQBrowser/10.5.3819.400',
  'upgrade-insecure-requests' => '1',
  'cache-control' => 'max-age=0',
  'connection' => 'close',
  'host' => 'www.work.com',
)
[ info ] [ PARAM ] array (
)
[ info ] [ RUN ] app\index\controller\Index->index[ D:\phpstudy_pro\WWW\work\application\index\controller\Index.php ]
[ info ] [ DB ] INIT mysql
[ info ] [ VIEW ] D:\phpstudy_pro\WWW\work\public/../application/index\view\index\index.html [ array (
  0 => 'data',
  1 => 'cate',
  2 => 'column',
  3 => 'info',
  4 => 'slider',
) ]
[ info ] [ SESSION ] INIT array (
  'id' => '',
  'var_session_id' => '',
  'prefix' => 'think',
  'type' => '',
  'auto_start' => true,
)
[ info ] [ LOG ] INIT File
[ sql ] [ DB ] CONNECT:[ UseTime:0.011435s ] mysql:host=127.0.0.1;port=3306;dbname=shop;charset=utf8
[ sql ] [ SQL ] SHOW COLUMNS FROM `column` [ RunTime:0.002104s ]
[ sql ] [ SQL ] SELECT * FROM `column` ORDER BY `sort` [ RunTime:0.001340s ]
[ sql ] [ SQL ] SHOW COLUMNS FROM `info` [ RunTime:0.002242s ]
[ sql ] [ SQL ] SELECT * FROM `info` WHERE  `id` = 1 LIMIT 1 [ RunTime:0.001425s ]
[ sql ] [ SQL ] SHOW COLUMNS FROM `slider` [ RunTime:0.002633s ]
[ sql ] [ SQL ] SELECT * FROM `slider` ORDER BY `sort` [ RunTime:0.001762s ]
[ sql ] [ SQL ] SHOW COLUMNS FROM `cate` [ RunTime:0.002370s ]
[ sql ] [ SQL ] SELECT * FROM `cate` [ RunTime:0.001572s ]
[ sql ] [ SQL ] SELECT * FROM `cate` WHERE  `pid` = 0 [ RunTime:0.001360s ]
[ sql ] [ SQL ] SHOW COLUMNS FROM `ads` [ RunTime:0.002769s ]
[ sql ] [ SQL ] SELECT * FROM `ads` WHERE  `c_id` = 3 [ RunTime:0.001239s ]
[ sql ] [ SQL ] SHOW COLUMNS FROM `goods` [ RunTime:0.002849s ]
[ sql ] [ SQL ] SELECT * FROM `goods` WHERE  `cate_id` = 3 [ RunTime:0.001745s ]
[ sql ] [ SQL ] SELECT * FROM `ads` WHERE  `c_id` = 4 [ RunTime:0.001301s ]
[ sql ] [ SQL ] SELECT * FROM `goods` WHERE  `cate_id` = 4 [ RunTime:0.001437s ]
[ sql ] [ SQL ] SELECT * FROM `ads` WHERE  `c_id` = 5 [ RunTime:0.001302s ]
[ sql ] [ SQL ] SELECT * FROM `goods` WHERE  `cate_id` = 5 [ RunTime:0.001147s ]
[ sql ] [ SQL ] SELECT * FROM `ads` WHERE  `c_id` = 6 [ RunTime:0.001275s ]
[ sql ] [ SQL ] SELECT * FROM `goods` WHERE  `cate_id` = 6 [ RunTime:0.001291s ]
[ sql ] [ SQL ] SELECT * FROM `ads` WHERE  `c_id` = 7 [ RunTime:0.001382s ]
[ sql ] [ SQL ] SELECT * FROM `goods` WHERE  `cate_id` = 7 [ RunTime:0.001322s ]
[ sql ] [ SQL ] SELECT * FROM `ads` WHERE  `c_id` = 8 [ RunTime:0.001261s ]
[ sql ] [ SQL ] SELECT * FROM `goods` WHERE  `cate_id` = 8 [ RunTime:0.001906s ]
[ sql ] [ SQL ] SELECT * FROM `ads` WHERE  `c_id` = 9 [ RunTime:0.001452s ]
[ sql ] [ SQL ] SELECT * FROM `goods` WHERE  `cate_id` = 9 [ RunTime:0.001147s ]
[ sql ] [ SQL ] SELECT * FROM `ads` WHERE  `c_id` = 10 [ RunTime:0.001276s ]
[ sql ] [ SQL ] SELECT * FROM `goods` WHERE  `cate_id` = 10 [ RunTime:0.001060s ]
[ sql ] [ SQL ] SELECT * FROM `ads` WHERE  `c_id` = 11 [ RunTime:0.001242s ]
[ sql ] [ SQL ] SELECT * FROM `goods` WHERE  `cate_id` = 11 [ RunTime:0.001443s ]
