---------------------------------------------------------------
[ 2019-11-16T23:46:36+08:00 ] 0.0.0.0 GET /work/public/
[ info ] localhost/work/public/ [运行时间：0.343756s][吞吐率：2.91req/s] [内存消耗：2,399.85kb] [文件加载：46]
[ info ] [ LANG ] D:\phpstudy_pro\WWW\work\thinkphp\lang\zh-cn.php
[ info ] [ ROUTE ] array (
  'type' => 'module',
  'module' => 
  array (
    0 => '',
    1 => NULL,
    2 => NULL,
  ),
)
[ info ] [ HEADER ] array (
  'accept-language' => 'zh-CN,zh;q=0.9',
  'accept-encoding' => 'gzip, deflate, br',
  'accept' => 'text/html,application/xhtml+xml,application/xml;q=0.9,image/webp,image/apng,*/*;q=0.8',
  'user-agent' => 'Mozilla/5.0 (Windows NT 10.0; WOW64) AppleWebKit/537.36 (KHTML, like Gecko) Chrome/70.0.3538.25 Safari/537.36 Core/1.70.3732.400 QQBrowser/10.5.3819.400',
  'upgrade-insecure-requests' => '1',
  'connection' => 'close',
  'host' => 'localhost',
)
[ info ] [ PARAM ] array (
)
[ info ] [ RUN ] app\index\controller\Index->index[ D:\phpstudy_pro\WWW\work\application\index\controller\Index.php ]
[ info ] [ DB ] INIT mysql
[ info ] [ LOG ] INIT File
[ error ] [1045]SQLSTATE[HY000] [1045] Access denied for user 'root'@'localhost' (using password: YES)[D:\phpstudy_pro\WWW\work\thinkphp\library\think\db\Connection.php:295]
---------------------------------------------------------------
[ 2019-11-16T23:47:06+08:00 ] 0.0.0.0 GET /work/public/
[ info ] localhost/work/public/ [运行时间：0.612181s][吞吐率：1.63req/s] [内存消耗：2,861.30kb] [文件加载：50]
[ info ] [ LANG ] D:\phpstudy_pro\WWW\work\thinkphp\lang\zh-cn.php
[ info ] [ ROUTE ] array (
  'type' => 'module',
  'module' => 
  array (
    0 => '',
    1 => NULL,
    2 => NULL,
  ),
)
[ info ] [ HEADER ] array (
  'accept-language' => 'zh-CN,zh;q=0.9',
  'accept-encoding' => 'gzip, deflate, br',
  'accept' => 'text/html,application/xhtml+xml,application/xml;q=0.9,image/webp,image/apng,*/*;q=0.8',
  'user-agent' => 'Mozilla/5.0 (Windows NT 10.0; WOW64) AppleWebKit/537.36 (KHTML, like Gecko) Chrome/70.0.3538.25 Safari/537.36 Core/1.70.3732.400 QQBrowser/10.5.3819.400',
  'upgrade-insecure-requests' => '1',
  'cache-control' => 'max-age=0',
  'connection' => 'close',
  'host' => 'localhost',
)
[ info ] [ PARAM ] array (
)
[ info ] [ RUN ] app\index\controller\Index->index[ D:\phpstudy_pro\WWW\work\application\index\controller\Index.php ]
[ info ] [ DB ] INIT mysql
[ info ] [ VIEW ] D:\phpstudy_pro\WWW\work\public/../application/index\view\index\index.html [ array (
  0 => 'data',
  1 => 'cate',
  2 => 'column',
  3 => 'info',
  4 => 'slider',
) ]
[ info ] [ SESSION ] INIT array (
  'id' => '',
  'var_session_id' => '',
  'prefix' => 'think',
  'type' => '',
  'auto_start' => true,
)
[ info ] [ LOG ] INIT File
[ sql ] [ DB ] CONNECT:[ UseTime:0.083841s ] mysql:host=127.0.0.1;port=3306;dbname=shop;charset=utf8
[ sql ] [ SQL ] SHOW COLUMNS FROM `column` [ RunTime:0.256187s ]
[ sql ] [ SQL ] SELECT * FROM `column` ORDER BY `sort` [ RunTime:0.034150s ]
[ sql ] [ SQL ] SHOW COLUMNS FROM `info` [ RunTime:0.020274s ]
[ sql ] [ SQL ] SELECT * FROM `info` WHERE  `id` = 1 LIMIT 1 [ RunTime:0.016739s ]
[ sql ] [ SQL ] SHOW COLUMNS FROM `slider` [ RunTime:0.003644s ]
[ sql ] [ SQL ] SELECT * FROM `slider` ORDER BY `sort` [ RunTime:0.001502s ]
[ sql ] [ SQL ] SHOW COLUMNS FROM `cate` [ RunTime:0.002922s ]
[ sql ] [ SQL ] SELECT * FROM `cate` [ RunTime:0.001305s ]
[ sql ] [ SQL ] SELECT * FROM `cate` WHERE  `pid` = 0 [ RunTime:0.001451s ]
[ sql ] [ SQL ] SHOW COLUMNS FROM `goods` [ RunTime:0.003349s ]
[ sql ] [ SQL ] SELECT * FROM `goods` WHERE  `cate_id` = 3 [ RunTime:0.001768s ]
[ sql ] [ SQL ] SHOW COLUMNS FROM `ads` [ RunTime:0.003562s ]
[ sql ] [ SQL ] SELECT * FROM `ads` WHERE  `c_id` = 3 [ RunTime:0.001136s ]
[ sql ] [ SQL ] SELECT * FROM `goods` WHERE  `cate_id` = 3 [ RunTime:0.001238s ]
[ sql ] [ SQL ] SELECT * FROM `goods` WHERE  `cate_id` = 6 [ RunTime:0.001462s ]
[ sql ] [ SQL ] SELECT * FROM `ads` WHERE  `c_id` = 4 [ RunTime:0.000953s ]
[ sql ] [ SQL ] SELECT * FROM `goods` WHERE  `cate_id` = 4 [ RunTime:0.000978s ]
[ sql ] [ SQL ] SELECT * FROM `goods` WHERE  `cate_id` = 7 [ RunTime:0.000994s ]
[ sql ] [ SQL ] SELECT * FROM `ads` WHERE  `c_id` = 5 [ RunTime:0.001057s ]
[ sql ] [ SQL ] SELECT * FROM `goods` WHERE  `cate_id` = 5 [ RunTime:0.000985s ]
[ sql ] [ SQL ] SELECT * FROM `goods` WHERE  `cate_id` = 4 [ RunTime:0.000973s ]
[ sql ] [ SQL ] SELECT * FROM `ads` WHERE  `c_id` = 6 [ RunTime:0.001076s ]
[ sql ] [ SQL ] SELECT * FROM `goods` WHERE  `cate_id` = 6 [ RunTime:0.001290s ]
[ sql ] [ SQL ] SELECT * FROM `goods` WHERE  `cate_id` = 8 [ RunTime:0.000960s ]
[ sql ] [ SQL ] SELECT * FROM `ads` WHERE  `c_id` = 7 [ RunTime:0.001311s ]
[ sql ] [ SQL ] SELECT * FROM `goods` WHERE  `cate_id` = 7 [ RunTime:0.001591s ]
[ sql ] [ SQL ] SELECT * FROM `goods` WHERE  `cate_id` = 9 [ RunTime:0.001520s ]
[ sql ] [ SQL ] SELECT * FROM `ads` WHERE  `c_id` = 8 [ RunTime:0.001380s ]
[ sql ] [ SQL ] SELECT * FROM `goods` WHERE  `cate_id` = 8 [ RunTime:0.001488s ]
[ sql ] [ SQL ] SELECT * FROM `goods` WHERE  `cate_id` = 5 [ RunTime:0.001049s ]
[ sql ] [ SQL ] SELECT * FROM `ads` WHERE  `c_id` = 9 [ RunTime:0.001034s ]
[ sql ] [ SQL ] SELECT * FROM `goods` WHERE  `cate_id` = 9 [ RunTime:0.000957s ]
[ sql ] [ SQL ] SELECT * FROM `goods` WHERE  `cate_id` = 10 [ RunTime:0.001017s ]
[ sql ] [ SQL ] SELECT * FROM `ads` WHERE  `c_id` = 10 [ RunTime:0.000981s ]
[ sql ] [ SQL ] SELECT * FROM `goods` WHERE  `cate_id` = 10 [ RunTime:0.001540s ]
---------------------------------------------------------------
[ 2019-11-16T23:47:13+08:00 ] 0.0.0.0 GET /work/public/
[ info ] localhost/work/public/ [运行时间：0.095844s][吞吐率：10.43req/s] [内存消耗：2,865.77kb] [文件加载：50]
[ info ] [ LANG ] D:\phpstudy_pro\WWW\work\thinkphp\lang\zh-cn.php
[ info ] [ ROUTE ] array (
  'type' => 'module',
  'module' => 
  array (
    0 => '',
    1 => NULL,
    2 => NULL,
  ),
)
[ info ] [ HEADER ] array (
  'cookie' => 'PHPSESSID=16vk32cn03f90m9ntl74gmsfn0',
  'accept-language' => 'zh-CN,zh;q=0.9',
  'accept-encoding' => 'gzip, deflate, br',
  'accept' => 'text/html,application/xhtml+xml,application/xml;q=0.9,image/webp,image/apng,*/*;q=0.8',
  'user-agent' => 'Mozilla/5.0 (Windows NT 10.0; WOW64) AppleWebKit/537.36 (KHTML, like Gecko) Chrome/70.0.3538.25 Safari/537.36 Core/1.70.3732.400 QQBrowser/10.5.3819.400',
  'upgrade-insecure-requests' => '1',
  'cache-control' => 'max-age=0',
  'connection' => 'close',
  'host' => 'localhost',
)
[ info ] [ PARAM ] array (
)
[ info ] [ RUN ] app\index\controller\Index->index[ D:\phpstudy_pro\WWW\work\application\index\controller\Index.php ]
[ info ] [ DB ] INIT mysql
[ info ] [ VIEW ] D:\phpstudy_pro\WWW\work\public/../application/index\view\index\index.html [ array (
  0 => 'data',
  1 => 'cate',
  2 => 'column',
  3 => 'info',
  4 => 'slider',
) ]
[ info ] [ SESSION ] INIT array (
  'id' => '',
  'var_session_id' => '',
  'prefix' => 'think',
  'type' => '',
  'auto_start' => true,
)
[ info ] [ LOG ] INIT File
[ sql ] [ DB ] CONNECT:[ UseTime:0.002467s ] mysql:host=127.0.0.1;port=3306;dbname=shop;charset=utf8
[ sql ] [ SQL ] SHOW COLUMNS FROM `column` [ RunTime:0.001650s ]
[ sql ] [ SQL ] SELECT * FROM `column` ORDER BY `sort` [ RunTime:0.001058s ]
[ sql ] [ SQL ] SHOW COLUMNS FROM `info` [ RunTime:0.002384s ]
[ sql ] [ SQL ] SELECT * FROM `info` WHERE  `id` = 1 LIMIT 1 [ RunTime:0.001002s ]
[ sql ] [ SQL ] SHOW COLUMNS FROM `slider` [ RunTime:0.001888s ]
[ sql ] [ SQL ] SELECT * FROM `slider` ORDER BY `sort` [ RunTime:0.000970s ]
[ sql ] [ SQL ] SHOW COLUMNS FROM `cate` [ RunTime:0.002747s ]
[ sql ] [ SQL ] SELECT * FROM `cate` [ RunTime:0.000904s ]
[ sql ] [ SQL ] SELECT * FROM `cate` WHERE  `pid` = 0 [ RunTime:0.001404s ]
[ sql ] [ SQL ] SHOW COLUMNS FROM `goods` [ RunTime:0.002074s ]
[ sql ] [ SQL ] SELECT * FROM `goods` WHERE  `cate_id` = 3 [ RunTime:0.001065s ]
[ sql ] [ SQL ] SHOW COLUMNS FROM `ads` [ RunTime:0.001716s ]
[ sql ] [ SQL ] SELECT * FROM `ads` WHERE  `c_id` = 3 [ RunTime:0.001040s ]
[ sql ] [ SQL ] SELECT * FROM `goods` WHERE  `cate_id` = 3 [ RunTime:0.000897s ]
[ sql ] [ SQL ] SELECT * FROM `goods` WHERE  `cate_id` = 6 [ RunTime:0.000998s ]
[ sql ] [ SQL ] SELECT * FROM `ads` WHERE  `c_id` = 4 [ RunTime:0.000966s ]
[ sql ] [ SQL ] SELECT * FROM `goods` WHERE  `cate_id` = 4 [ RunTime:0.000918s ]
[ sql ] [ SQL ] SELECT * FROM `goods` WHERE  `cate_id` = 7 [ RunTime:0.000914s ]
[ sql ] [ SQL ] SELECT * FROM `ads` WHERE  `c_id` = 5 [ RunTime:0.000980s ]
[ sql ] [ SQL ] SELECT * FROM `goods` WHERE  `cate_id` = 5 [ RunTime:0.000944s ]
[ sql ] [ SQL ] SELECT * FROM `goods` WHERE  `cate_id` = 4 [ RunTime:0.001502s ]
[ sql ] [ SQL ] SELECT * FROM `ads` WHERE  `c_id` = 6 [ RunTime:0.001011s ]
[ sql ] [ SQL ] SELECT * FROM `goods` WHERE  `cate_id` = 6 [ RunTime:0.000921s ]
[ sql ] [ SQL ] SELECT * FROM `goods` WHERE  `cate_id` = 8 [ RunTime:0.000925s ]
[ sql ] [ SQL ] SELECT * FROM `ads` WHERE  `c_id` = 7 [ RunTime:0.001107s ]
[ sql ] [ SQL ] SELECT * FROM `goods` WHERE  `cate_id` = 7 [ RunTime:0.000916s ]
[ sql ] [ SQL ] SELECT * FROM `goods` WHERE  `cate_id` = 9 [ RunTime:0.000918s ]
[ sql ] [ SQL ] SELECT * FROM `ads` WHERE  `c_id` = 8 [ RunTime:0.000988s ]
[ sql ] [ SQL ] SELECT * FROM `goods` WHERE  `cate_id` = 8 [ RunTime:0.001016s ]
[ sql ] [ SQL ] SELECT * FROM `goods` WHERE  `cate_id` = 5 [ RunTime:0.000941s ]
[ sql ] [ SQL ] SELECT * FROM `ads` WHERE  `c_id` = 9 [ RunTime:0.000985s ]
[ sql ] [ SQL ] SELECT * FROM `goods` WHERE  `cate_id` = 9 [ RunTime:0.000940s ]
[ sql ] [ SQL ] SELECT * FROM `goods` WHERE  `cate_id` = 10 [ RunTime:0.001200s ]
[ sql ] [ SQL ] SELECT * FROM `ads` WHERE  `c_id` = 10 [ RunTime:0.000980s ]
[ sql ] [ SQL ] SELECT * FROM `goods` WHERE  `cate_id` = 10 [ RunTime:0.000962s ]
---------------------------------------------------------------
[ 2019-11-16T23:47:14+08:00 ] 0.0.0.0 GET /work/public/
[ info ] localhost/work/public/ [运行时间：0.082402s][吞吐率：12.14req/s] [内存消耗：2,865.77kb] [文件加载：50]
[ info ] [ LANG ] D:\phpstudy_pro\WWW\work\thinkphp\lang\zh-cn.php
[ info ] [ ROUTE ] array (
  'type' => 'module',
  'module' => 
  array (
    0 => '',
    1 => NULL,
    2 => NULL,
  ),
)
[ info ] [ HEADER ] array (
  'cookie' => 'PHPSESSID=16vk32cn03f90m9ntl74gmsfn0',
  'accept-language' => 'zh-CN,zh;q=0.9',
  'accept-encoding' => 'gzip, deflate, br',
  'accept' => 'text/html,application/xhtml+xml,application/xml;q=0.9,image/webp,image/apng,*/*;q=0.8',
  'user-agent' => 'Mozilla/5.0 (Windows NT 10.0; WOW64) AppleWebKit/537.36 (KHTML, like Gecko) Chrome/70.0.3538.25 Safari/537.36 Core/1.70.3732.400 QQBrowser/10.5.3819.400',
  'upgrade-insecure-requests' => '1',
  'cache-control' => 'max-age=0',
  'connection' => 'close',
  'host' => 'localhost',
)
[ info ] [ PARAM ] array (
)
[ info ] [ RUN ] app\index\controller\Index->index[ D:\phpstudy_pro\WWW\work\application\index\controller\Index.php ]
[ info ] [ DB ] INIT mysql
[ info ] [ VIEW ] D:\phpstudy_pro\WWW\work\public/../application/index\view\index\index.html [ array (
  0 => 'data',
  1 => 'cate',
  2 => 'column',
  3 => 'info',
  4 => 'slider',
) ]
[ info ] [ SESSION ] INIT array (
  'id' => '',
  'var_session_id' => '',
  'prefix' => 'think',
  'type' => '',
  'auto_start' => true,
)
[ info ] [ LOG ] INIT File
[ sql ] [ DB ] CONNECT:[ UseTime:0.002468s ] mysql:host=127.0.0.1;port=3306;dbname=shop;charset=utf8
[ sql ] [ SQL ] SHOW COLUMNS FROM `column` [ RunTime:0.002104s ]
[ sql ] [ SQL ] SELECT * FROM `column` ORDER BY `sort` [ RunTime:0.001076s ]
[ sql ] [ SQL ] SHOW COLUMNS FROM `info` [ RunTime:0.001914s ]
[ sql ] [ SQL ] SELECT * FROM `info` WHERE  `id` = 1 LIMIT 1 [ RunTime:0.001134s ]
[ sql ] [ SQL ] SHOW COLUMNS FROM `slider` [ RunTime:0.001943s ]
[ sql ] [ SQL ] SELECT * FROM `slider` ORDER BY `sort` [ RunTime:0.001018s ]
[ sql ] [ SQL ] SHOW COLUMNS FROM `cate` [ RunTime:0.001906s ]
[ sql ] [ SQL ] SELECT * FROM `cate` [ RunTime:0.000993s ]
[ sql ] [ SQL ] SELECT * FROM `cate` WHERE  `pid` = 0 [ RunTime:0.001754s ]
[ sql ] [ SQL ] SHOW COLUMNS FROM `goods` [ RunTime:0.002099s ]
[ sql ] [ SQL ] SELECT * FROM `goods` WHERE  `cate_id` = 3 [ RunTime:0.001098s ]
[ sql ] [ SQL ] SHOW COLUMNS FROM `ads` [ RunTime:0.002117s ]
[ sql ] [ SQL ] SELECT * FROM `ads` WHERE  `c_id` = 3 [ RunTime:0.001024s ]
[ sql ] [ SQL ] SELECT * FROM `goods` WHERE  `cate_id` = 3 [ RunTime:0.001018s ]
[ sql ] [ SQL ] SELECT * FROM `goods` WHERE  `cate_id` = 6 [ RunTime:0.001038s ]
[ sql ] [ SQL ] SELECT * FROM `ads` WHERE  `c_id` = 4 [ RunTime:0.001131s ]
[ sql ] [ SQL ] SELECT * FROM `goods` WHERE  `cate_id` = 4 [ RunTime:0.001028s ]
[ sql ] [ SQL ] SELECT * FROM `goods` WHERE  `cate_id` = 7 [ RunTime:0.001043s ]
[ sql ] [ SQL ] SELECT * FROM `ads` WHERE  `c_id` = 5 [ RunTime:0.001263s ]
[ sql ] [ SQL ] SELECT * FROM `goods` WHERE  `cate_id` = 5 [ RunTime:0.001245s ]
[ sql ] [ SQL ] SELECT * FROM `goods` WHERE  `cate_id` = 4 [ RunTime:0.001019s ]
[ sql ] [ SQL ] SELECT * FROM `ads` WHERE  `c_id` = 6 [ RunTime:0.000992s ]
[ sql ] [ SQL ] SELECT * FROM `goods` WHERE  `cate_id` = 6 [ RunTime:0.001193s ]
[ sql ] [ SQL ] SELECT * FROM `goods` WHERE  `cate_id` = 8 [ RunTime:0.001007s ]
[ sql ] [ SQL ] SELECT * FROM `ads` WHERE  `c_id` = 7 [ RunTime:0.001005s ]
[ sql ] [ SQL ] SELECT * FROM `goods` WHERE  `cate_id` = 7 [ RunTime:0.001082s ]
[ sql ] [ SQL ] SELECT * FROM `goods` WHERE  `cate_id` = 9 [ RunTime:0.000999s ]
[ sql ] [ SQL ] SELECT * FROM `ads` WHERE  `c_id` = 8 [ RunTime:0.000975s ]
[ sql ] [ SQL ] SELECT * FROM `goods` WHERE  `cate_id` = 8 [ RunTime:0.001311s ]
[ sql ] [ SQL ] SELECT * FROM `goods` WHERE  `cate_id` = 5 [ RunTime:0.001036s ]
[ sql ] [ SQL ] SELECT * FROM `ads` WHERE  `c_id` = 9 [ RunTime:0.001063s ]
[ sql ] [ SQL ] SELECT * FROM `goods` WHERE  `cate_id` = 9 [ RunTime:0.000994s ]
[ sql ] [ SQL ] SELECT * FROM `goods` WHERE  `cate_id` = 10 [ RunTime:0.001234s ]
[ sql ] [ SQL ] SELECT * FROM `ads` WHERE  `c_id` = 10 [ RunTime:0.001184s ]
[ sql ] [ SQL ] SELECT * FROM `goods` WHERE  `cate_id` = 10 [ RunTime:0.001033s ]
---------------------------------------------------------------
[ 2019-11-16T23:47:14+08:00 ] 0.0.0.0 GET /work/public/
[ info ] localhost/work/public/ [运行时间：0.138999s][吞吐率：7.19req/s] [内存消耗：2,865.95kb] [文件加载：50]
[ info ] [ LANG ] D:\phpstudy_pro\WWW\work\thinkphp\lang\zh-cn.php
[ info ] [ ROUTE ] array (
  'type' => 'module',
  'module' => 
  array (
    0 => '',
    1 => NULL,
    2 => NULL,
  ),
)
[ info ] [ HEADER ] array (
  'cookie' => 'PHPSESSID=16vk32cn03f90m9ntl74gmsfn0',
  'accept-language' => 'zh-CN,zh;q=0.9',
  'accept-encoding' => 'gzip, deflate, br',
  'accept' => 'text/html,application/xhtml+xml,application/xml;q=0.9,image/webp,image/apng,*/*;q=0.8',
  'user-agent' => 'Mozilla/5.0 (Windows NT 10.0; WOW64) AppleWebKit/537.36 (KHTML, like Gecko) Chrome/70.0.3538.25 Safari/537.36 Core/1.70.3732.400 QQBrowser/10.5.3819.400',
  'upgrade-insecure-requests' => '1',
  'cache-control' => 'no-cache',
  'pragma' => 'no-cache',
  'connection' => 'close',
  'host' => 'localhost',
)
[ info ] [ PARAM ] array (
)
[ info ] [ RUN ] app\index\controller\Index->index[ D:\phpstudy_pro\WWW\work\application\index\controller\Index.php ]
[ info ] [ DB ] INIT mysql
[ info ] [ VIEW ] D:\phpstudy_pro\WWW\work\public/../application/index\view\index\index.html [ array (
  0 => 'data',
  1 => 'cate',
  2 => 'column',
  3 => 'info',
  4 => 'slider',
) ]
[ info ] [ SESSION ] INIT array (
  'id' => '',
  'var_session_id' => '',
  'prefix' => 'think',
  'type' => '',
  'auto_start' => true,
)
[ info ] [ LOG ] INIT File
[ sql ] [ DB ] CONNECT:[ UseTime:0.002107s ] mysql:host=127.0.0.1;port=3306;dbname=shop;charset=utf8
[ sql ] [ SQL ] SHOW COLUMNS FROM `column` [ RunTime:0.028900s ]
[ sql ] [ SQL ] SELECT * FROM `column` ORDER BY `sort` [ RunTime:0.011114s ]
[ sql ] [ SQL ] SHOW COLUMNS FROM `info` [ RunTime:0.009408s ]
[ sql ] [ SQL ] SELECT * FROM `info` WHERE  `id` = 1 LIMIT 1 [ RunTime:0.003670s ]
[ sql ] [ SQL ] SHOW COLUMNS FROM `slider` [ RunTime:0.004617s ]
[ sql ] [ SQL ] SELECT * FROM `slider` ORDER BY `sort` [ RunTime:0.002136s ]
[ sql ] [ SQL ] SHOW COLUMNS FROM `cate` [ RunTime:0.003150s ]
[ sql ] [ SQL ] SELECT * FROM `cate` [ RunTime:0.001621s ]
[ sql ] [ SQL ] SELECT * FROM `cate` WHERE  `pid` = 0 [ RunTime:0.001287s ]
[ sql ] [ SQL ] SHOW COLUMNS FROM `goods` [ RunTime:0.002374s ]
[ sql ] [ SQL ] SELECT * FROM `goods` WHERE  `cate_id` = 3 [ RunTime:0.001117s ]
[ sql ] [ SQL ] SHOW COLUMNS FROM `ads` [ RunTime:0.002545s ]
[ sql ] [ SQL ] SELECT * FROM `ads` WHERE  `c_id` = 3 [ RunTime:0.001033s ]
[ sql ] [ SQL ] SELECT * FROM `goods` WHERE  `cate_id` = 3 [ RunTime:0.001065s ]
[ sql ] [ SQL ] SELECT * FROM `goods` WHERE  `cate_id` = 6 [ RunTime:0.001031s ]
[ sql ] [ SQL ] SELECT * FROM `ads` WHERE  `c_id` = 4 [ RunTime:0.000973s ]
[ sql ] [ SQL ] SELECT * FROM `goods` WHERE  `cate_id` = 4 [ RunTime:0.001031s ]
[ sql ] [ SQL ] SELECT * FROM `goods` WHERE  `cate_id` = 7 [ RunTime:0.001270s ]
[ sql ] [ SQL ] SELECT * FROM `ads` WHERE  `c_id` = 5 [ RunTime:0.001145s ]
[ sql ] [ SQL ] SELECT * FROM `goods` WHERE  `cate_id` = 5 [ RunTime:0.001038s ]
[ sql ] [ SQL ] SELECT * FROM `goods` WHERE  `cate_id` = 4 [ RunTime:0.001038s ]
[ sql ] [ SQL ] SELECT * FROM `ads` WHERE  `c_id` = 6 [ RunTime:0.001040s ]
[ sql ] [ SQL ] SELECT * FROM `goods` WHERE  `cate_id` = 6 [ RunTime:0.001035s ]
[ sql ] [ SQL ] SELECT * FROM `goods` WHERE  `cate_id` = 8 [ RunTime:0.001297s ]
[ sql ] [ SQL ] SELECT * FROM `ads` WHERE  `c_id` = 7 [ RunTime:0.001334s ]
[ sql ] [ SQL ] SELECT * FROM `goods` WHERE  `cate_id` = 7 [ RunTime:0.001143s ]
[ sql ] [ SQL ] SELECT * FROM `goods` WHERE  `cate_id` = 9 [ RunTime:0.001188s ]
[ sql ] [ SQL ] SELECT * FROM `ads` WHERE  `c_id` = 8 [ RunTime:0.001106s ]
[ sql ] [ SQL ] SELECT * FROM `goods` WHERE  `cate_id` = 8 [ RunTime:0.001019s ]
[ sql ] [ SQL ] SELECT * FROM `goods` WHERE  `cate_id` = 5 [ RunTime:0.001030s ]
[ sql ] [ SQL ] SELECT * FROM `ads` WHERE  `c_id` = 9 [ RunTime:0.001061s ]
[ sql ] [ SQL ] SELECT * FROM `goods` WHERE  `cate_id` = 9 [ RunTime:0.000977s ]
[ sql ] [ SQL ] SELECT * FROM `goods` WHERE  `cate_id` = 10 [ RunTime:0.001248s ]
[ sql ] [ SQL ] SELECT * FROM `ads` WHERE  `c_id` = 10 [ RunTime:0.001084s ]
[ sql ] [ SQL ] SELECT * FROM `goods` WHERE  `cate_id` = 10 [ RunTime:0.001000s ]
---------------------------------------------------------------
[ 2019-11-16T23:47:14+08:00 ] 0.0.0.0 GET /work/public/
[ info ] localhost/work/public/ [运行时间：0.104555s][吞吐率：9.56req/s] [内存消耗：2,865.77kb] [文件加载：50]
[ info ] [ LANG ] D:\phpstudy_pro\WWW\work\thinkphp\lang\zh-cn.php
[ info ] [ ROUTE ] array (
  'type' => 'module',
  'module' => 
  array (
    0 => '',
    1 => NULL,
    2 => NULL,
  ),
)
[ info ] [ HEADER ] array (
  'cookie' => 'PHPSESSID=16vk32cn03f90m9ntl74gmsfn0',
  'accept-language' => 'zh-CN,zh;q=0.9',
  'accept-encoding' => 'gzip, deflate, br',
  'accept' => 'text/html,application/xhtml+xml,application/xml;q=0.9,image/webp,image/apng,*/*;q=0.8',
  'user-agent' => 'Mozilla/5.0 (Windows NT 10.0; WOW64) AppleWebKit/537.36 (KHTML, like Gecko) Chrome/70.0.3538.25 Safari/537.36 Core/1.70.3732.400 QQBrowser/10.5.3819.400',
  'upgrade-insecure-requests' => '1',
  'cache-control' => 'max-age=0',
  'connection' => 'close',
  'host' => 'localhost',
)
[ info ] [ PARAM ] array (
)
[ info ] [ RUN ] app\index\controller\Index->index[ D:\phpstudy_pro\WWW\work\application\index\controller\Index.php ]
[ info ] [ DB ] INIT mysql
[ info ] [ VIEW ] D:\phpstudy_pro\WWW\work\public/../application/index\view\index\index.html [ array (
  0 => 'data',
  1 => 'cate',
  2 => 'column',
  3 => 'info',
  4 => 'slider',
) ]
[ info ] [ SESSION ] INIT array (
  'id' => '',
  'var_session_id' => '',
  'prefix' => 'think',
  'type' => '',
  'auto_start' => true,
)
[ info ] [ LOG ] INIT File
[ sql ] [ DB ] CONNECT:[ UseTime:0.010798s ] mysql:host=127.0.0.1;port=3306;dbname=shop;charset=utf8
[ sql ] [ SQL ] SHOW COLUMNS FROM `column` [ RunTime:0.012061s ]
[ sql ] [ SQL ] SELECT * FROM `column` ORDER BY `sort` [ RunTime:0.001192s ]
[ sql ] [ SQL ] SHOW COLUMNS FROM `info` [ RunTime:0.001855s ]
[ sql ] [ SQL ] SELECT * FROM `info` WHERE  `id` = 1 LIMIT 1 [ RunTime:0.001116s ]
[ sql ] [ SQL ] SHOW COLUMNS FROM `slider` [ RunTime:0.001770s ]
[ sql ] [ SQL ] SELECT * FROM `slider` ORDER BY `sort` [ RunTime:0.001143s ]
[ sql ] [ SQL ] SHOW COLUMNS FROM `cate` [ RunTime:0.002213s ]
[ sql ] [ SQL ] SELECT * FROM `cate` [ RunTime:0.001113s ]
[ sql ] [ SQL ] SELECT * FROM `cate` WHERE  `pid` = 0 [ RunTime:0.001966s ]
[ sql ] [ SQL ] SHOW COLUMNS FROM `goods` [ RunTime:0.002052s ]
[ sql ] [ SQL ] SELECT * FROM `goods` WHERE  `cate_id` = 3 [ RunTime:0.001519s ]
[ sql ] [ SQL ] SHOW COLUMNS FROM `ads` [ RunTime:0.001910s ]
[ sql ] [ SQL ] SELECT * FROM `ads` WHERE  `c_id` = 3 [ RunTime:0.001034s ]
[ sql ] [ SQL ] SELECT * FROM `goods` WHERE  `cate_id` = 3 [ RunTime:0.001036s ]
[ sql ] [ SQL ] SELECT * FROM `goods` WHERE  `cate_id` = 6 [ RunTime:0.001545s ]
[ sql ] [ SQL ] SELECT * FROM `ads` WHERE  `c_id` = 4 [ RunTime:0.001060s ]
[ sql ] [ SQL ] SELECT * FROM `goods` WHERE  `cate_id` = 4 [ RunTime:0.000981s ]
[ sql ] [ SQL ] SELECT * FROM `goods` WHERE  `cate_id` = 7 [ RunTime:0.001081s ]
[ sql ] [ SQL ] SELECT * FROM `ads` WHERE  `c_id` = 5 [ RunTime:0.001001s ]
[ sql ] [ SQL ] SELECT * FROM `goods` WHERE  `cate_id` = 5 [ RunTime:0.001021s ]
[ sql ] [ SQL ] SELECT * FROM `goods` WHERE  `cate_id` = 4 [ RunTime:0.001153s ]
[ sql ] [ SQL ] SELECT * FROM `ads` WHERE  `c_id` = 6 [ RunTime:0.001109s ]
[ sql ] [ SQL ] SELECT * FROM `goods` WHERE  `cate_id` = 6 [ RunTime:0.001233s ]
[ sql ] [ SQL ] SELECT * FROM `goods` WHERE  `cate_id` = 8 [ RunTime:0.001099s ]
[ sql ] [ SQL ] SELECT * FROM `ads` WHERE  `c_id` = 7 [ RunTime:0.001057s ]
[ sql ] [ SQL ] SELECT * FROM `goods` WHERE  `cate_id` = 7 [ RunTime:0.001104s ]
[ sql ] [ SQL ] SELECT * FROM `goods` WHERE  `cate_id` = 9 [ RunTime:0.001025s ]
[ sql ] [ SQL ] SELECT * FROM `ads` WHERE  `c_id` = 8 [ RunTime:0.001196s ]
[ sql ] [ SQL ] SELECT * FROM `goods` WHERE  `cate_id` = 8 [ RunTime:0.001107s ]
[ sql ] [ SQL ] SELECT * FROM `goods` WHERE  `cate_id` = 5 [ RunTime:0.001083s ]
[ sql ] [ SQL ] SELECT * FROM `ads` WHERE  `c_id` = 9 [ RunTime:0.001027s ]
[ sql ] [ SQL ] SELECT * FROM `goods` WHERE  `cate_id` = 9 [ RunTime:0.001017s ]
[ sql ] [ SQL ] SELECT * FROM `goods` WHERE  `cate_id` = 10 [ RunTime:0.001123s ]
[ sql ] [ SQL ] SELECT * FROM `ads` WHERE  `c_id` = 10 [ RunTime:0.001109s ]
[ sql ] [ SQL ] SELECT * FROM `goods` WHERE  `cate_id` = 10 [ RunTime:0.001003s ]
---------------------------------------------------------------
[ 2019-11-16T23:55:22+08:00 ] 127.0.0.1 GET /
[ info ] www.work.com/ [运行时间：0.852185s][吞吐率：1.17req/s] [内存消耗：2,865.56kb] [文件加载：50]
[ info ] [ LANG ] D:\phpstudy_pro\WWW\work\thinkphp\lang\zh-cn.php
[ info ] [ ROUTE ] array (
  'type' => 'module',
  'module' => 
  array (
    0 => '',
    1 => NULL,
    2 => NULL,
  ),
)
[ info ] [ HEADER ] array (
  'cookie' => 'pgv_pvi=3069371392',
  'accept-language' => 'zh-CN,zh;q=0.9',
  'accept-encoding' => 'gzip, deflate',
  'accept' => 'text/html,application/xhtml+xml,application/xml;q=0.9,image/webp,image/apng,*/*;q=0.8',
  'user-agent' => 'Mozilla/5.0 (Windows NT 10.0; WOW64) AppleWebKit/537.36 (KHTML, like Gecko) Chrome/70.0.3538.25 Safari/537.36 Core/1.70.3732.400 QQBrowser/10.5.3819.400',
  'upgrade-insecure-requests' => '1',
  'cache-control' => 'max-age=0',
  'connection' => 'close',
  'host' => 'www.work.com',
)
[ info ] [ PARAM ] array (
)
[ info ] [ RUN ] app\index\controller\Index->index[ D:\phpstudy_pro\WWW\work\application\index\controller\Index.php ]
[ info ] [ DB ] INIT mysql
[ info ] [ VIEW ] D:\phpstudy_pro\WWW\work\public/../application/index\view\index\index.html [ array (
  0 => 'data',
  1 => 'cate',
  2 => 'column',
  3 => 'info',
  4 => 'slider',
) ]
[ info ] [ SESSION ] INIT array (
  'id' => '',
  'var_session_id' => '',
  'prefix' => 'think',
  'type' => '',
  'auto_start' => true,
)
[ info ] [ LOG ] INIT File
[ sql ] [ DB ] CONNECT:[ UseTime:0.024357s ] mysql:host=127.0.0.1;port=3306;dbname=shop;charset=utf8
[ sql ] [ SQL ] SHOW COLUMNS FROM `column` [ RunTime:0.070679s ]
[ sql ] [ SQL ] SELECT * FROM `column` ORDER BY `sort` [ RunTime:0.001844s ]
[ sql ] [ SQL ] SHOW COLUMNS FROM `info` [ RunTime:0.002929s ]
[ sql ] [ SQL ] SELECT * FROM `info` WHERE  `id` = 1 LIMIT 1 [ RunTime:0.003191s ]
[ sql ] [ SQL ] SHOW COLUMNS FROM `slider` [ RunTime:0.008828s ]
[ sql ] [ SQL ] SELECT * FROM `slider` ORDER BY `sort` [ RunTime:0.001952s ]
[ sql ] [ SQL ] SHOW COLUMNS FROM `cate` [ RunTime:0.002473s ]
[ sql ] [ SQL ] SELECT * FROM `cate` [ RunTime:0.002367s ]
[ sql ] [ SQL ] SELECT * FROM `cate` WHERE  `pid` = 0 [ RunTime:0.003000s ]
[ sql ] [ SQL ] SHOW COLUMNS FROM `goods` [ RunTime:0.004381s ]
[ sql ] [ SQL ] SELECT * FROM `goods` WHERE  `cate_id` = 3 [ RunTime:0.002036s ]
[ sql ] [ SQL ] SHOW COLUMNS FROM `ads` [ RunTime:0.002925s ]
[ sql ] [ SQL ] SELECT * FROM `ads` WHERE  `c_id` = 3 [ RunTime:0.002717s ]
[ sql ] [ SQL ] SELECT * FROM `goods` WHERE  `cate_id` = 3 [ RunTime:0.001705s ]
[ sql ] [ SQL ] SELECT * FROM `goods` WHERE  `cate_id` = 6 [ RunTime:0.002057s ]
[ sql ] [ SQL ] SELECT * FROM `ads` WHERE  `c_id` = 4 [ RunTime:0.001697s ]
[ sql ] [ SQL ] SELECT * FROM `goods` WHERE  `cate_id` = 4 [ RunTime:0.001633s ]
[ sql ] [ SQL ] SELECT * FROM `goods` WHERE  `cate_id` = 7 [ RunTime:0.001611s ]
[ sql ] [ SQL ] SELECT * FROM `ads` WHERE  `c_id` = 5 [ RunTime:0.001613s ]
[ sql ] [ SQL ] SELECT * FROM `goods` WHERE  `cate_id` = 5 [ RunTime:0.001759s ]
[ sql ] [ SQL ] SELECT * FROM `goods` WHERE  `cate_id` = 4 [ RunTime:0.002820s ]
[ sql ] [ SQL ] SELECT * FROM `ads` WHERE  `c_id` = 6 [ RunTime:0.001658s ]
[ sql ] [ SQL ] SELECT * FROM `goods` WHERE  `cate_id` = 6 [ RunTime:0.002023s ]
[ sql ] [ SQL ] SELECT * FROM `goods` WHERE  `cate_id` = 8 [ RunTime:0.001804s ]
[ sql ] [ SQL ] SELECT * FROM `ads` WHERE  `c_id` = 7 [ RunTime:0.001804s ]
[ sql ] [ SQL ] SELECT * FROM `goods` WHERE  `cate_id` = 7 [ RunTime:0.001684s ]
[ sql ] [ SQL ] SELECT * FROM `goods` WHERE  `cate_id` = 9 [ RunTime:0.002452s ]
[ sql ] [ SQL ] SELECT * FROM `ads` WHERE  `c_id` = 8 [ RunTime:0.003705s ]
[ sql ] [ SQL ] SELECT * FROM `goods` WHERE  `cate_id` = 8 [ RunTime:0.002898s ]
[ sql ] [ SQL ] SELECT * FROM `goods` WHERE  `cate_id` = 5 [ RunTime:0.001735s ]
[ sql ] [ SQL ] SELECT * FROM `ads` WHERE  `c_id` = 9 [ RunTime:0.001720s ]
[ sql ] [ SQL ] SELECT * FROM `goods` WHERE  `cate_id` = 9 [ RunTime:0.001869s ]
[ sql ] [ SQL ] SELECT * FROM `goods` WHERE  `cate_id` = 10 [ RunTime:0.001831s ]
[ sql ] [ SQL ] SELECT * FROM `ads` WHERE  `c_id` = 10 [ RunTime:0.001449s ]
[ sql ] [ SQL ] SELECT * FROM `goods` WHERE  `cate_id` = 10 [ RunTime:0.001612s ]
---------------------------------------------------------------
[ 2019-11-16T23:55:24+08:00 ] 127.0.0.1 GET /
[ info ] www.work.com/ [运行时间：0.111345s][吞吐率：8.98req/s] [内存消耗：2,865.79kb] [文件加载：50]
[ info ] [ LANG ] D:\phpstudy_pro\WWW\work\thinkphp\lang\zh-cn.php
[ info ] [ ROUTE ] array (
  'type' => 'module',
  'module' => 
  array (
    0 => '',
    1 => NULL,
    2 => NULL,
  ),
)
[ info ] [ HEADER ] array (
  'cookie' => 'pgv_pvi=3069371392; PHPSESSID=gfjgavr28lmrh899hv87q9cp66',
  'accept-language' => 'zh-CN,zh;q=0.9',
  'accept-encoding' => 'gzip, deflate',
  'accept' => 'text/html,application/xhtml+xml,application/xml;q=0.9,image/webp,image/apng,*/*;q=0.8',
  'user-agent' => 'Mozilla/5.0 (Windows NT 10.0; WOW64) AppleWebKit/537.36 (KHTML, like Gecko) Chrome/70.0.3538.25 Safari/537.36 Core/1.70.3732.400 QQBrowser/10.5.3819.400',
  'upgrade-insecure-requests' => '1',
  'cache-control' => 'no-cache',
  'pragma' => 'no-cache',
  'connection' => 'close',
  'host' => 'www.work.com',
)
[ info ] [ PARAM ] array (
)
[ info ] [ RUN ] app\index\controller\Index->index[ D:\phpstudy_pro\WWW\work\application\index\controller\Index.php ]
[ info ] [ DB ] INIT mysql
[ info ] [ VIEW ] D:\phpstudy_pro\WWW\work\public/../application/index\view\index\index.html [ array (
  0 => 'data',
  1 => 'cate',
  2 => 'column',
  3 => 'info',
  4 => 'slider',
) ]
[ info ] [ SESSION ] INIT array (
  'id' => '',
  'var_session_id' => '',
  'prefix' => 'think',
  'type' => '',
  'auto_start' => true,
)
[ info ] [ LOG ] INIT File
[ sql ] [ DB ] CONNECT:[ UseTime:0.002064s ] mysql:host=127.0.0.1;port=3306;dbname=shop;charset=utf8
[ sql ] [ SQL ] SHOW COLUMNS FROM `column` [ RunTime:0.011719s ]
[ sql ] [ SQL ] SELECT * FROM `column` ORDER BY `sort` [ RunTime:0.003725s ]
[ sql ] [ SQL ] SHOW COLUMNS FROM `info` [ RunTime:0.003432s ]
[ sql ] [ SQL ] SELECT * FROM `info` WHERE  `id` = 1 LIMIT 1 [ RunTime:0.001935s ]
[ sql ] [ SQL ] SHOW COLUMNS FROM `slider` [ RunTime:0.002431s ]
[ sql ] [ SQL ] SELECT * FROM `slider` ORDER BY `sort` [ RunTime:0.001433s ]
[ sql ] [ SQL ] SHOW COLUMNS FROM `cate` [ RunTime:0.002957s ]
[ sql ] [ SQL ] SELECT * FROM `cate` [ RunTime:0.001337s ]
[ sql ] [ SQL ] SELECT * FROM `cate` WHERE  `pid` = 0 [ RunTime:0.001520s ]
[ sql ] [ SQL ] SHOW COLUMNS FROM `goods` [ RunTime:0.002170s ]
[ sql ] [ SQL ] SELECT * FROM `goods` WHERE  `cate_id` = 3 [ RunTime:0.001375s ]
[ sql ] [ SQL ] SHOW COLUMNS FROM `ads` [ RunTime:0.002297s ]
[ sql ] [ SQL ] SELECT * FROM `ads` WHERE  `c_id` = 3 [ RunTime:0.001463s ]
[ sql ] [ SQL ] SELECT * FROM `goods` WHERE  `cate_id` = 3 [ RunTime:0.001829s ]
[ sql ] [ SQL ] SELECT * FROM `goods` WHERE  `cate_id` = 6 [ RunTime:0.001158s ]
[ sql ] [ SQL ] SELECT * FROM `ads` WHERE  `c_id` = 4 [ RunTime:0.001176s ]
[ sql ] [ SQL ] SELECT * FROM `goods` WHERE  `cate_id` = 4 [ RunTime:0.001271s ]
[ sql ] [ SQL ] SELECT * FROM `goods` WHERE  `cate_id` = 7 [ RunTime:0.001121s ]
[ sql ] [ SQL ] SELECT * FROM `ads` WHERE  `c_id` = 5 [ RunTime:0.001183s ]
[ sql ] [ SQL ] SELECT * FROM `goods` WHERE  `cate_id` = 5 [ RunTime:0.001148s ]
[ sql ] [ SQL ] SELECT * FROM `goods` WHERE  `cate_id` = 4 [ RunTime:0.001619s ]
[ sql ] [ SQL ] SELECT * FROM `ads` WHERE  `c_id` = 6 [ RunTime:0.001141s ]
[ sql ] [ SQL ] SELECT * FROM `goods` WHERE  `cate_id` = 6 [ RunTime:0.001247s ]
[ sql ] [ SQL ] SELECT * FROM `goods` WHERE  `cate_id` = 8 [ RunTime:0.001142s ]
[ sql ] [ SQL ] SELECT * FROM `ads` WHERE  `c_id` = 7 [ RunTime:0.001184s ]
[ sql ] [ SQL ] SELECT * FROM `goods` WHERE  `cate_id` = 7 [ RunTime:0.001784s ]
[ sql ] [ SQL ] SELECT * FROM `goods` WHERE  `cate_id` = 9 [ RunTime:0.001181s ]
[ sql ] [ SQL ] SELECT * FROM `ads` WHERE  `c_id` = 8 [ RunTime:0.001130s ]
[ sql ] [ SQL ] SELECT * FROM `goods` WHERE  `cate_id` = 8 [ RunTime:0.001435s ]
[ sql ] [ SQL ] SELECT * FROM `goods` WHERE  `cate_id` = 5 [ RunTime:0.001413s ]
[ sql ] [ SQL ] SELECT * FROM `ads` WHERE  `c_id` = 9 [ RunTime:0.001134s ]
[ sql ] [ SQL ] SELECT * FROM `goods` WHERE  `cate_id` = 9 [ RunTime:0.001190s ]
[ sql ] [ SQL ] SELECT * FROM `goods` WHERE  `cate_id` = 10 [ RunTime:0.001158s ]
[ sql ] [ SQL ] SELECT * FROM `ads` WHERE  `c_id` = 10 [ RunTime:0.001087s ]
[ sql ] [ SQL ] SELECT * FROM `goods` WHERE  `cate_id` = 10 [ RunTime:0.001110s ]
---------------------------------------------------------------
[ 2019-11-16T23:55:28+08:00 ] 127.0.0.1 GET /index/type/index/id/3.html
[ info ] www.work.com/index/type/index/id/3.html [运行时间：0.457054s][吞吐率：2.19req/s] [内存消耗：2,818.31kb] [文件加载：50]
[ info ] [ LANG ] D:\phpstudy_pro\WWW\work\thinkphp\lang\zh-cn.php
[ info ] [ ROUTE ] array (
  'type' => 'module',
  'module' => 
  array (
    0 => 'index',
    1 => 'type',
    2 => 'index',
  ),
)
[ info ] [ HEADER ] array (
  'cookie' => 'pgv_pvi=3069371392; PHPSESSID=gfjgavr28lmrh899hv87q9cp66',
  'accept-language' => 'zh-CN,zh;q=0.9',
  'accept-encoding' => 'gzip, deflate',
  'referer' => 'http://www.work.com/',
  'accept' => 'text/html,application/xhtml+xml,application/xml;q=0.9,image/webp,image/apng,*/*;q=0.8',
  'user-agent' => 'Mozilla/5.0 (Windows NT 10.0; WOW64) AppleWebKit/537.36 (KHTML, like Gecko) Chrome/70.0.3538.25 Safari/537.36 Core/1.70.3732.400 QQBrowser/10.5.3819.400',
  'upgrade-insecure-requests' => '1',
  'connection' => 'close',
  'host' => 'www.work.com',
)
[ info ] [ PARAM ] array (
  '/index/type/index/id/3_html' => '',
  'id' => '3',
)
[ info ] [ RUN ] app\index\controller\Type->index[ D:\phpstudy_pro\WWW\work\application\index\controller\Type.php ]
[ info ] [ DB ] INIT mysql
[ info ] [ VIEW ] D:\phpstudy_pro\WWW\work\public/../application/index\view\type\index.html [ array (
  0 => 'goods',
  1 => 'cate',
  2 => 'column',
  3 => 'info',
) ]
[ info ] [ SESSION ] INIT array (
  'id' => '',
  'var_session_id' => '',
  'prefix' => 'think',
  'type' => '',
  'auto_start' => true,
)
[ info ] [ LOG ] INIT File
[ sql ] [ DB ] CONNECT:[ UseTime:0.012192s ] mysql:host=127.0.0.1;port=3306;dbname=shop;charset=utf8
[ sql ] [ SQL ] SHOW COLUMNS FROM `column` [ RunTime:0.002806s ]
[ sql ] [ SQL ] SELECT * FROM `column` ORDER BY `sort` [ RunTime:0.001352s ]
[ sql ] [ SQL ] SHOW COLUMNS FROM `info` [ RunTime:0.002097s ]
[ sql ] [ SQL ] SELECT * FROM `info` WHERE  `id` = 1 LIMIT 1 [ RunTime:0.001389s ]
[ sql ] [ SQL ] SHOW COLUMNS FROM `cate` [ RunTime:0.002259s ]
[ sql ] [ SQL ] SELECT * FROM `cate` [ RunTime:0.001365s ]
[ sql ] [ SQL ] SELECT * FROM `cate` WHERE  `id` = 3 LIMIT 1 [ RunTime:0.213602s ]
[ sql ] [ SQL ] SELECT * FROM `cate` WHERE  `pid` = 3 [ RunTime:0.001574s ]
[ sql ] [ SQL ] SHOW COLUMNS FROM `goods` [ RunTime:0.003200s ]
[ sql ] [ SQL ] SELECT * FROM `goods` WHERE  `cate_id` IN (6,7) [ RunTime:0.116537s ]
---------------------------------------------------------------
[ 2019-11-16T23:55:30+08:00 ] 127.0.0.1 GET /index/good/index/id/18.html
[ info ] www.work.com/index/good/index/id/18.html [运行时间：0.304913s][吞吐率：3.28req/s] [内存消耗：2,572.53kb] [文件加载：48]
[ info ] [ LANG ] D:\phpstudy_pro\WWW\work\thinkphp\lang\zh-cn.php
[ info ] [ ROUTE ] array (
  'type' => 'module',
  'module' => 
  array (
    0 => 'index',
    1 => 'good',
    2 => 'index',
  ),
)
[ info ] [ HEADER ] array (
  'cookie' => 'pgv_pvi=3069371392; PHPSESSID=gfjgavr28lmrh899hv87q9cp66',
  'accept-language' => 'zh-CN,zh;q=0.9',
  'accept-encoding' => 'gzip, deflate',
  'referer' => 'http://www.work.com/index/type/index/id/3.html',
  'accept' => 'text/html,application/xhtml+xml,application/xml;q=0.9,image/webp,image/apng,*/*;q=0.8',
  'user-agent' => 'Mozilla/5.0 (Windows NT 10.0; WOW64) AppleWebKit/537.36 (KHTML, like Gecko) Chrome/70.0.3538.25 Safari/537.36 Core/1.70.3732.400 QQBrowser/10.5.3819.400',
  'upgrade-insecure-requests' => '1',
  'connection' => 'close',
  'host' => 'www.work.com',
)
[ info ] [ PARAM ] array (
  '/index/good/index/id/18_html' => '',
  'id' => '18',
)
[ info ] [ RUN ] app\index\controller\Good->index[ D:\phpstudy_pro\WWW\work\application\index\controller\Good.php ]
[ info ] [ DB ] INIT mysql
[ info ] [ VIEW ] D:\phpstudy_pro\WWW\work\public/../application/index\view\good\index.html [ array (
  0 => 'comment',
  1 => 'images',
  2 => 'info',
  3 => 'column',
  4 => 'goods',
) ]
[ info ] [ SESSION ] INIT array (
  'id' => '',
  'var_session_id' => '',
  'prefix' => 'think',
  'type' => '',
  'auto_start' => true,
)
[ info ] [ LOG ] INIT File
[ sql ] [ DB ] CONNECT:[ UseTime:0.010319s ] mysql:host=127.0.0.1;port=3306;dbname=shop;charset=utf8
[ sql ] [ SQL ] SHOW COLUMNS FROM `goods` [ RunTime:0.020605s ]
[ sql ] [ SQL ] SELECT * FROM `goods` WHERE  `id` = 18 LIMIT 1 [ RunTime:0.011244s ]
[ sql ] [ SQL ] SHOW COLUMNS FROM `images` [ RunTime:0.038000s ]
[ sql ] [ SQL ] SELECT * FROM `images` WHERE  `gid` = 18 [ RunTime:0.002102s ]
[ sql ] [ SQL ] SHOW COLUMNS FROM `info` [ RunTime:0.002425s ]
[ sql ] [ SQL ] SELECT * FROM `info` WHERE  `id` = 1 LIMIT 1 [ RunTime:0.001559s ]
[ sql ] [ SQL ] SHOW COLUMNS FROM `column` [ RunTime:0.014873s ]
[ sql ] [ SQL ] SELECT * FROM `column` [ RunTime:0.001249s ]
[ sql ] [ SQL ] SHOW COLUMNS FROM `comment` [ RunTime:0.007493s ]
[ sql ] [ SQL ] SELECT `comment`.*,`user`.`user_name` FROM `comment` INNER JOIN `user` ON `user`.`id`=`comment`.`u_id` WHERE  `g_id` = 18 [ RunTime:0.096405s ]
---------------------------------------------------------------
[ 2019-11-16T23:55:37+08:00 ] 127.0.0.1 GET /admin
[ info ] www.work.com/admin [运行时间：0.048357s][吞吐率：20.68req/s] [内存消耗：1,654.62kb] [文件加载：41]
[ info ] [ LANG ] D:\phpstudy_pro\WWW\work\thinkphp\lang\zh-cn.php
[ info ] [ ROUTE ] array (
  'type' => 'module',
  'module' => 
  array (
    0 => 'admin',
    1 => NULL,
    2 => NULL,
  ),
)
[ info ] [ HEADER ] array (
  'cookie' => 'pgv_pvi=3069371392; PHPSESSID=gfjgavr28lmrh899hv87q9cp66',
  'accept-language' => 'zh-CN,zh;q=0.9',
  'accept-encoding' => 'gzip, deflate',
  'accept' => 'text/html,application/xhtml+xml,application/xml;q=0.9,image/webp,image/apng,*/*;q=0.8',
  'user-agent' => 'Mozilla/5.0 (Windows NT 10.0; WOW64) AppleWebKit/537.36 (KHTML, like Gecko) Chrome/70.0.3538.25 Safari/537.36 Core/1.70.3732.400 QQBrowser/10.5.3819.400',
  'upgrade-insecure-requests' => '1',
  'connection' => 'close',
  'host' => 'www.work.com',
)
[ info ] [ PARAM ] array (
  '/admin' => '',
)
[ info ] [ RUN ] app\admin\controller\Index->index[ D:\phpstudy_pro\WWW\work\application\admin\controller\Index.php ]
[ info ] [ VIEW ] D:\phpstudy_pro\WWW\work\public/../application/admin\view\index\index.html [ array (
) ]
[ info ] [ LOG ] INIT File
---------------------------------------------------------------
[ 2019-11-16T23:55:38+08:00 ] 127.0.0.1 GET /admin/info/index.html
[ info ] www.work.com/admin/info/index.html [运行时间：0.209644s][吞吐率：4.77req/s] [内存消耗：1,661.56kb] [文件加载：42]
[ info ] [ LANG ] D:\phpstudy_pro\WWW\work\thinkphp\lang\zh-cn.php
[ info ] [ ROUTE ] array (
  'type' => 'module',
  'module' => 
  array (
    0 => 'admin',
    1 => 'info',
    2 => 'index',
  ),
)
[ info ] [ HEADER ] array (
  'cookie' => 'pgv_pvi=3069371392; PHPSESSID=gfjgavr28lmrh899hv87q9cp66',
  'accept-language' => 'zh-CN,zh;q=0.9',
  'accept-encoding' => 'gzip, deflate',
  'referer' => 'http://www.work.com/admin',
  'accept' => 'text/html,application/xhtml+xml,application/xml;q=0.9,image/webp,image/apng,*/*;q=0.8',
  'user-agent' => 'Mozilla/5.0 (Windows NT 10.0; WOW64) AppleWebKit/537.36 (KHTML, like Gecko) Chrome/70.0.3538.25 Safari/537.36 Core/1.70.3732.400 QQBrowser/10.5.3819.400',
  'upgrade-insecure-requests' => '1',
  'connection' => 'close',
  'host' => 'www.work.com',
)
[ info ] [ PARAM ] array (
  '/admin/info/index_html' => '',
)
[ info ] [ SESSION ] INIT array (
  'id' => '',
  'var_session_id' => '',
  'prefix' => 'think',
  'type' => '',
  'auto_start' => true,
)
[ info ] [ LOG ] INIT File
---------------------------------------------------------------
[ 2019-11-16T23:55:38+08:00 ] 127.0.0.1 GET /admin/login/index.html
[ info ] www.work.com/admin/login/index.html [运行时间：0.034166s][吞吐率：29.27req/s] [内存消耗：1,598.17kb] [文件加载：38]
[ info ] [ LANG ] D:\phpstudy_pro\WWW\work\thinkphp\lang\zh-cn.php
[ info ] [ ROUTE ] array (
  'type' => 'module',
  'module' => 
  array (
    0 => 'admin',
    1 => 'login',
    2 => 'index',
  ),
)
[ info ] [ HEADER ] array (
  'cookie' => 'pgv_pvi=3069371392; PHPSESSID=gfjgavr28lmrh899hv87q9cp66',
  'accept-language' => 'zh-CN,zh;q=0.9',
  'accept-encoding' => 'gzip, deflate',
  'referer' => 'http://www.work.com/admin',
  'accept' => 'text/html,application/xhtml+xml,application/xml;q=0.9,image/webp,image/apng,*/*;q=0.8',
  'user-agent' => 'Mozilla/5.0 (Windows NT 10.0; WOW64) AppleWebKit/537.36 (KHTML, like Gecko) Chrome/70.0.3538.25 Safari/537.36 Core/1.70.3732.400 QQBrowser/10.5.3819.400',
  'upgrade-insecure-requests' => '1',
  'connection' => 'close',
  'host' => 'www.work.com',
)
[ info ] [ PARAM ] array (
  '/admin/login/index_html' => '',
)
[ info ] [ RUN ] app\admin\controller\Login->index[ D:\phpstudy_pro\WWW\work\application\admin\controller\Login.php ]
[ info ] [ LOG ] INIT File
---------------------------------------------------------------
[ 2019-11-16T23:55:38+08:00 ] 127.0.0.1 GET /admin/login/login/
[ info ] www.work.com/admin/login/login/ [运行时间：0.062871s][吞吐率：15.91req/s] [内存消耗：1,661.89kb] [文件加载：41]
[ info ] [ LANG ] D:\phpstudy_pro\WWW\work\thinkphp\lang\zh-cn.php
[ info ] [ ROUTE ] array (
  'type' => 'module',
  'module' => 
  array (
    0 => 'admin',
    1 => 'login',
    2 => 'login',
  ),
)
[ info ] [ HEADER ] array (
  'cookie' => 'pgv_pvi=3069371392; PHPSESSID=gfjgavr28lmrh899hv87q9cp66',
  'accept-language' => 'zh-CN,zh;q=0.9',
  'accept-encoding' => 'gzip, deflate',
  'referer' => 'http://www.work.com/admin/login/index.html',
  'accept' => 'text/html,application/xhtml+xml,application/xml;q=0.9,image/webp,image/apng,*/*;q=0.8',
  'user-agent' => 'Mozilla/5.0 (Windows NT 10.0; WOW64) AppleWebKit/537.36 (KHTML, like Gecko) Chrome/70.0.3538.25 Safari/537.36 Core/1.70.3732.400 QQBrowser/10.5.3819.400',
  'upgrade-insecure-requests' => '1',
  'connection' => 'close',
  'host' => 'www.work.com',
)
[ info ] [ PARAM ] array (
  '/admin/login/login/' => '',
)
[ info ] [ RUN ] app\admin\controller\Login->login[ D:\phpstudy_pro\WWW\work\application\admin\controller\Login.php ]
[ info ] [ VIEW ] D:\phpstudy_pro\WWW\work\public/../application/admin\view\login\index.html [ array (
) ]
[ info ] [ LOG ] INIT File
---------------------------------------------------------------
[ 2019-11-16T23:55:38+08:00 ] 127.0.0.1 GET /captcha.html
[ info ] www.work.com/captcha.html [运行时间：0.243040s][吞吐率：4.11req/s] [内存消耗：1,332.30kb] [文件加载：33]
[ info ] [ LANG ] D:\phpstudy_pro\WWW\work\thinkphp\lang\zh-cn.php
[ info ] [ ROUTE ] array (
  'type' => 'method',
  'method' => 
  array (
    0 => '\\think\\captcha\\CaptchaController',
    1 => 'index',
  ),
  'var' => 
  array (
  ),
)
[ info ] [ HEADER ] array (
  'cookie' => 'pgv_pvi=3069371392; PHPSESSID=gfjgavr28lmrh899hv87q9cp66',
  'accept-language' => 'zh-CN,zh;q=0.9',
  'accept-encoding' => 'gzip, deflate',
  'referer' => 'http://www.work.com/admin/login/login/',
  'accept' => 'image/webp,image/apng,image/*,*/*;q=0.8',
  'user-agent' => 'Mozilla/5.0 (Windows NT 10.0; WOW64) AppleWebKit/537.36 (KHTML, like Gecko) Chrome/70.0.3538.25 Safari/537.36 Core/1.70.3732.400 QQBrowser/10.5.3819.400',
  'connection' => 'close',
  'host' => 'www.work.com',
)
[ info ] [ PARAM ] array (
  '/captcha_html' => '',
  'id' => NULL,
)
[ info ] [ RUN ] think\captcha\CaptchaController->index[ D:\phpstudy_pro\WWW\work\vendor\topthink\think-captcha\src\CaptchaController.php ]
[ info ] [ SESSION ] INIT array (
  'id' => '',
  'var_session_id' => '',
  'prefix' => 'think',
  'type' => '',
  'auto_start' => true,
)
[ info ] [ LOG ] INIT File
---------------------------------------------------------------
[ 2019-11-16T23:55:46+08:00 ] 127.0.0.1 POST /admin/login/checklogin.html
[ info ] www.work.com/admin/login/checklogin.html [运行时间：0.146082s][吞吐率：6.85req/s] [内存消耗：2,537.58kb] [文件加载：47]
[ info ] [ LANG ] D:\phpstudy_pro\WWW\work\thinkphp\lang\zh-cn.php
[ info ] [ ROUTE ] array (
  'type' => 'module',
  'module' => 
  array (
    0 => 'admin',
    1 => 'login',
    2 => 'checklogin',
  ),
)
[ info ] [ HEADER ] array (
  'cookie' => 'pgv_pvi=3069371392; PHPSESSID=gfjgavr28lmrh899hv87q9cp66',
  'accept-language' => 'zh-CN,zh;q=0.9',
  'accept-encoding' => 'gzip, deflate',
  'referer' => 'http://www.work.com/admin/login/login/',
  'content-type' => 'application/x-www-form-urlencoded; charset=UTF-8',
  'user-agent' => 'Mozilla/5.0 (Windows NT 10.0; WOW64) AppleWebKit/537.36 (KHTML, like Gecko) Chrome/70.0.3538.25 Safari/537.36 Core/1.70.3732.400 QQBrowser/10.5.3819.400',
  'x-requested-with' => 'XMLHttpRequest',
  'origin' => 'http://www.work.com',
  'accept' => '*/*',
  'content-length' => '39',
  'connection' => 'close',
  'host' => 'www.work.com',
)
[ info ] [ PARAM ] array (
  '/admin/login/checklogin_html' => '',
  'admin_name' => 'admin',
  'password' => '123',
  'code' => '5476',
)
[ info ] [ RUN ] app\admin\controller\Login->checklogin[ D:\phpstudy_pro\WWW\work\application\admin\controller\Login.php ]
[ info ] [ DB ] INIT mysql
[ info ] [ SESSION ] INIT array (
  'id' => '',
  'var_session_id' => '',
  'prefix' => 'think',
  'type' => '',
  'auto_start' => true,
)
[ info ] [ LOG ] INIT File
[ sql ] [ DB ] CONNECT:[ UseTime:0.002195s ] mysql:host=127.0.0.1;port=3306;dbname=shop;charset=utf8
[ sql ] [ SQL ] SHOW COLUMNS FROM `admin` [ RunTime:0.088736s ]
[ sql ] [ SQL ] SELECT * FROM `admin` WHERE  `admin_name` = 'admin' LIMIT 1 [ RunTime:0.002401s ]
[ sql ] [ SQL ] SELECT * FROM `admin` WHERE  `admin_name` = 'admin'  AND `password` = '123' LIMIT 1 [ RunTime:0.007237s ]
---------------------------------------------------------------
[ 2019-11-16T23:55:46+08:00 ] 127.0.0.1 GET /admin.html
[ info ] www.work.com/admin.html [运行时间：0.030872s][吞吐率：32.39req/s] [内存消耗：1,655.27kb] [文件加载：41]
[ info ] [ LANG ] D:\phpstudy_pro\WWW\work\thinkphp\lang\zh-cn.php
[ info ] [ ROUTE ] array (
  'type' => 'module',
  'module' => 
  array (
    0 => 'admin',
    1 => NULL,
    2 => NULL,
  ),
)
[ info ] [ HEADER ] array (
  'cookie' => 'pgv_pvi=3069371392; PHPSESSID=gfjgavr28lmrh899hv87q9cp66',
  'accept-language' => 'zh-CN,zh;q=0.9',
  'accept-encoding' => 'gzip, deflate',
  'referer' => 'http://www.work.com/admin/login/login/',
  'accept' => 'text/html,application/xhtml+xml,application/xml;q=0.9,image/webp,image/apng,*/*;q=0.8',
  'user-agent' => 'Mozilla/5.0 (Windows NT 10.0; WOW64) AppleWebKit/537.36 (KHTML, like Gecko) Chrome/70.0.3538.25 Safari/537.36 Core/1.70.3732.400 QQBrowser/10.5.3819.400',
  'upgrade-insecure-requests' => '1',
  'connection' => 'close',
  'host' => 'www.work.com',
)
[ info ] [ PARAM ] array (
  '/admin_html' => '',
)
[ info ] [ RUN ] app\admin\controller\Index->index[ D:\phpstudy_pro\WWW\work\application\admin\controller\Index.php ]
[ info ] [ VIEW ] D:\phpstudy_pro\WWW\work\public/../application/admin\view\index\index.html [ array (
) ]
[ info ] [ LOG ] INIT File
---------------------------------------------------------------
[ 2019-11-16T23:55:46+08:00 ] 127.0.0.1 GET /admin/info/index.html
[ info ] www.work.com/admin/info/index.html [运行时间：0.078772s][吞吐率：12.69req/s] [内存消耗：2,551.41kb] [文件加载：49]
[ info ] [ LANG ] D:\phpstudy_pro\WWW\work\thinkphp\lang\zh-cn.php
[ info ] [ ROUTE ] array (
  'type' => 'module',
  'module' => 
  array (
    0 => 'admin',
    1 => 'info',
    2 => 'index',
  ),
)
[ info ] [ HEADER ] array (
  'cookie' => 'pgv_pvi=3069371392; PHPSESSID=gfjgavr28lmrh899hv87q9cp66',
  'accept-language' => 'zh-CN,zh;q=0.9',
  'accept-encoding' => 'gzip, deflate',
  'referer' => 'http://www.work.com/admin.html',
  'accept' => 'text/html,application/xhtml+xml,application/xml;q=0.9,image/webp,image/apng,*/*;q=0.8',
  'user-agent' => 'Mozilla/5.0 (Windows NT 10.0; WOW64) AppleWebKit/537.36 (KHTML, like Gecko) Chrome/70.0.3538.25 Safari/537.36 Core/1.70.3732.400 QQBrowser/10.5.3819.400',
  'upgrade-insecure-requests' => '1',
  'connection' => 'close',
  'host' => 'www.work.com',
)
[ info ] [ PARAM ] array (
  '/admin/info/index_html' => '',
)
[ info ] [ SESSION ] INIT array (
  'id' => '',
  'var_session_id' => '',
  'prefix' => 'think',
  'type' => '',
  'auto_start' => true,
)
[ info ] [ RUN ] app\admin\controller\Info->index[ D:\phpstudy_pro\WWW\work\application\admin\controller\Info.php ]
[ info ] [ DB ] INIT mysql
[ info ] [ VIEW ] D:\phpstudy_pro\WWW\work\public/../application/admin\view\info\index.html [ array (
  0 => 'info',
) ]
[ info ] [ LOG ] INIT File
[ sql ] [ DB ] CONNECT:[ UseTime:0.003592s ] mysql:host=127.0.0.1;port=3306;dbname=shop;charset=utf8
[ sql ] [ SQL ] SHOW COLUMNS FROM `info` [ RunTime:0.002287s ]
[ sql ] [ SQL ] SELECT * FROM `info` WHERE  `id` = 1 LIMIT 1 [ RunTime:0.001092s ]
---------------------------------------------------------------
[ 2019-11-16T23:55:48+08:00 ] 127.0.0.1 GET /admin/user/index.html
[ info ] www.work.com/admin/user/index.html [运行时间：0.062116s][吞吐率：16.10req/s] [内存消耗：2,479.81kb] [文件加载：47]
[ info ] [ LANG ] D:\phpstudy_pro\WWW\work\thinkphp\lang\zh-cn.php
[ info ] [ ROUTE ] array (
  'type' => 'module',
  'module' => 
  array (
    0 => 'admin',
    1 => 'user',
    2 => 'index',
  ),
)
[ info ] [ HEADER ] array (
  'cookie' => 'pgv_pvi=3069371392; PHPSESSID=gfjgavr28lmrh899hv87q9cp66',
  'accept-language' => 'zh-CN,zh;q=0.9',
  'accept-encoding' => 'gzip, deflate',
  'referer' => 'http://www.work.com/admin.html',
  'accept' => 'text/html,application/xhtml+xml,application/xml;q=0.9,image/webp,image/apng,*/*;q=0.8',
  'user-agent' => 'Mozilla/5.0 (Windows NT 10.0; WOW64) AppleWebKit/537.36 (KHTML, like Gecko) Chrome/70.0.3538.25 Safari/537.36 Core/1.70.3732.400 QQBrowser/10.5.3819.400',
  'upgrade-insecure-requests' => '1',
  'connection' => 'close',
  'host' => 'www.work.com',
)
[ info ] [ PARAM ] array (
  '/admin/user/index_html' => '',
)
[ info ] [ RUN ] app\admin\controller\User->index[ D:\phpstudy_pro\WWW\work\application\admin\controller\User.php ]
[ info ] [ DB ] INIT mysql
[ info ] [ VIEW ] D:\phpstudy_pro\WWW\work\public/../application/admin\view\user\index.html [ array (
  0 => 'data',
) ]
[ info ] [ LOG ] INIT File
[ sql ] [ DB ] CONNECT:[ UseTime:0.002540s ] mysql:host=127.0.0.1;port=3306;dbname=shop;charset=utf8
[ sql ] [ SQL ] SHOW COLUMNS FROM `user` [ RunTime:0.001646s ]
[ sql ] [ SQL ] SELECT * FROM `user` [ RunTime:0.000693s ]
---------------------------------------------------------------
[ 2019-11-16T23:55:49+08:00 ] 127.0.0.1 GET /admin/slider/index.html
[ info ] www.work.com/admin/slider/index.html [运行时间：0.203786s][吞吐率：4.91req/s] [内存消耗：2,546.83kb] [文件加载：48]
[ info ] [ LANG ] D:\phpstudy_pro\WWW\work\thinkphp\lang\zh-cn.php
[ info ] [ ROUTE ] array (
  'type' => 'module',
  'module' => 
  array (
    0 => 'admin',
    1 => 'slider',
    2 => 'index',
  ),
)
[ info ] [ HEADER ] array (
  'cookie' => 'pgv_pvi=3069371392; PHPSESSID=gfjgavr28lmrh899hv87q9cp66',
  'accept-language' => 'zh-CN,zh;q=0.9',
  'accept-encoding' => 'gzip, deflate',
  'referer' => 'http://www.work.com/admin.html',
  'accept' => 'text/html,application/xhtml+xml,application/xml;q=0.9,image/webp,image/apng,*/*;q=0.8',
  'user-agent' => 'Mozilla/5.0 (Windows NT 10.0; WOW64) AppleWebKit/537.36 (KHTML, like Gecko) Chrome/70.0.3538.25 Safari/537.36 Core/1.70.3732.400 QQBrowser/10.5.3819.400',
  'upgrade-insecure-requests' => '1',
  'connection' => 'close',
  'host' => 'www.work.com',
)
[ info ] [ PARAM ] array (
  '/admin/slider/index_html' => '',
)
[ info ] [ RUN ] app\admin\controller\Slider->index[ D:\phpstudy_pro\WWW\work\application\admin\controller\Slider.php ]
[ info ] [ DB ] INIT mysql
[ info ] [ VIEW ] D:\phpstudy_pro\WWW\work\public/../application/admin\view\slider\index.html [ array (
  0 => 'data',
) ]
[ info ] [ LOG ] INIT File
[ sql ] [ DB ] CONNECT:[ UseTime:0.010380s ] mysql:host=127.0.0.1;port=3306;dbname=shop;charset=utf8
[ sql ] [ SQL ] SHOW COLUMNS FROM `slider` [ RunTime:0.052217s ]
[ sql ] [ SQL ] SELECT * FROM `slider` [ RunTime:0.001301s ]
---------------------------------------------------------------
[ 2019-11-16T23:55:49+08:00 ] 127.0.0.1 GET /admin/column/index.html
[ info ] www.work.com/admin/column/index.html [运行时间：0.136368s][吞吐率：7.33req/s] [内存消耗：2,542.92kb] [文件加载：48]
[ info ] [ LANG ] D:\phpstudy_pro\WWW\work\thinkphp\lang\zh-cn.php
[ info ] [ ROUTE ] array (
  'type' => 'module',
  'module' => 
  array (
    0 => 'admin',
    1 => 'column',
    2 => 'index',
  ),
)
[ info ] [ HEADER ] array (
  'cookie' => 'pgv_pvi=3069371392; PHPSESSID=gfjgavr28lmrh899hv87q9cp66',
  'accept-language' => 'zh-CN,zh;q=0.9',
  'accept-encoding' => 'gzip, deflate',
  'referer' => 'http://www.work.com/admin.html',
  'accept' => 'text/html,application/xhtml+xml,application/xml;q=0.9,image/webp,image/apng,*/*;q=0.8',
  'user-agent' => 'Mozilla/5.0 (Windows NT 10.0; WOW64) AppleWebKit/537.36 (KHTML, like Gecko) Chrome/70.0.3538.25 Safari/537.36 Core/1.70.3732.400 QQBrowser/10.5.3819.400',
  'upgrade-insecure-requests' => '1',
  'connection' => 'close',
  'host' => 'www.work.com',
)
[ info ] [ PARAM ] array (
  '/admin/column/index_html' => '',
)
[ info ] [ RUN ] app\admin\controller\Column->index[ D:\phpstudy_pro\WWW\work\application\admin\controller\Column.php ]
[ info ] [ DB ] INIT mysql
[ info ] [ VIEW ] D:\phpstudy_pro\WWW\work\public/../application/admin\view\column\index.html [ array (
  0 => 'data',
) ]
[ info ] [ LOG ] INIT File
[ sql ] [ DB ] CONNECT:[ UseTime:0.002251s ] mysql:host=127.0.0.1;port=3306;dbname=shop;charset=utf8
[ sql ] [ SQL ] SHOW COLUMNS FROM `column` [ RunTime:0.022978s ]
[ sql ] [ SQL ] SELECT * FROM `column` [ RunTime:0.001566s ]
